133420 INFO: init old news: 6472
134239 ERROR: 番禺 石楼 0 ps error != 1: [] try: 3
134239 INFO: news end | 番禺 石楼
134451 INFO: 46分钟前 宝马改LED激光大灯 广州宝马5系改车灯 番禺石碁镇改车灯 大家好,今天佳华小编来给大家带来一台宝马新款5系的车型,升级激光大灯的案例,这款车也是我们的老客户了,之前... news
134451 INFO:     http://www.baidu.com/link?url=-Jauu2UzDsLY29D-6-oMddhon5hnj_I0j8Kav2RKOz100RvX3SCGLFpMNSOkBBC-YWcohvF-1kd0JWY6ZwzRWZ8pMup644wT85R8shtEh1W 宝马改LED激光大灯 广州宝马5系改车灯 caifuhao.eastmoney.c  news
134451 INFO: news
134451 INFO: 3小时前 元旦假日期间,大龙街傍雁路的草莓园、东环街东沙村的草莓园、石碁镇大刀沙的尚果生态采摘园等生态农庄非常热闹,迎来了新年的开门红。在大龙街傍雁路的草莓园,20亩鲜红欲滴的草莓吸引了不少... news
134451 INFO:     http://www.baidu.com/link?url=vdD2mppBdnpFaGQ9_BPT0RmR4bs2CIyHL8G9odTKS5s9lWOnMbEit0x8P-MeOgSh7D-SFUGedW_mzIehzXwxkD0e31OsN831-92jFzKSaYG cj.sina.com.cn/artic 百度快照  news
134451 INFO: news
134451 INFO: 3小时前 元旦假日期间,大龙街傍雁路的草莓园、东环街东沙村的草莓园、石碁镇大刀沙的尚果生态采摘园等生态农庄非常热闹,迎来了新年的开门红。在大龙街傍雁路的草莓园,20亩鲜红... news
134451 INFO:     http://www.baidu.com/link?url=e74AR-xI9PWKp-AeaSvTlW24TFMb0qrD7bY_4vtSYtKdrOaYXTnSG3f-q6N-3lVpiWOqFKuzrmImEPwVK46XXNC0mA21g2ZfryUbreldz7m 元旦处处欢声笑语! k.sina.com.cn/articl  news
134451 INFO: news
134451 INFO: 3小时前 番禺区 2022年番禺预计共9个项目入市,分别为新鸿基南站TOD项目、广州城投·领南府、新世界耀盛、 首铸铂瑞云湾、保利石楼利丰北侧地块项目、越秀国际创新城一期地块项... news
134451 INFO:     http://www.baidu.com/link?url=VRxOyWu6Ab7XMv1W6SQr1jBKS7nYTGE9jIG30mLpgFBNooCamjcWbZEE9pn00ytms_mJqnvjptibDS6f2Hqidq 2022年广州预计有118个新盘入市!天 腾讯网  news
134451 INFO: news
134451 INFO: 1天内 广州市番禺区河涌管理所 番禺区石碁镇前锋水闸重建工程施工总承包 *** *** 该项目计划在番禺区石碁镇重建水闸和泵站*座(泵闸结合),防洪标准为***年一遇,排涝标准为**年... news
134451 INFO:     http://www.baidu.com/link?url=P0MDkNStVnYm8PO9sVXG4OgX-ykQOocz8quyn3jzsjm9FTefwuqqa1M1zw--lTLg_LJ3QBBYEtuIUk3wsiAL1SJO-2zoRmmXEpcWDo6Mo2e 四川省石棉县南桠河擦罗乡上里村段防洪治理 wap.huobiao.cn/detai  news
134451 INFO: news
134642 INFO: news end | 番禺 石碁
134830 INFO: news end | 番禺 海傍
134932 INFO: 1小时前 据悉,番禺区正在加快推进珠江口渔港经济区创建工作。规划期内以莲花山国家级中心渔港为基础,打造特色“渔业王国”,推动形成集渔业生产、水产品加工、休闲渔业、滨海旅... news
134932 INFO:     http://www.baidu.com/link?url=AMmr_3hHofIkOvkLKPhMIgw1mlnqo2yL4ep4u5Ni_CIe0D3qgVZq64dCCzH_aD1dy73N13s_JLe0ajyrsVXB__ <em>番禺区</em> www.sxmmcyw.com/mobi  news
134932 INFO: news
134932 INFO: 2小时前 全线设佛山西(既有)、张槎、顺德北、北滘西、陈村、番禺、广州长隆、东环、官桥、广州莲花山、麻涌、东莞西(既有)等12个车站。目前这两个项目均已在去年12月底全面启动静态验收,有望今年下... news
134932 INFO:     http://www.baidu.com/link?url=ZUecYgAZcGmI_wdDobi3Kr2XnHM9Rd2nixey7-6y0fm2aHoEr987Ki62x9rbCwziJi-_N_jsrhZN4uLAJMmfsUjFLSet8ESY6ezk6f8eG4q <div class="c-img c- 百度快照  news
134932 INFO: news
134932 INFO: 1天内 广州市番禺区河涌管理所 广州市番禺区一村三岛堤路结合工程(*标) *** *** 海鸥岛位于番禺区石楼镇,分属海心村、沙北村、沙南村和江鸥村四个行政村。堤围全长**.***,东临... news
134932 INFO:     http://www.baidu.com/link?url=KSeyS4IxNQrGzRVcburMWizDE3gs-H8VJT2jev2yFvRPUNXXHoKJx5IChGM-jekWOTA83Z_Af7pRcWHxna63vEYmB0bzUX10783kHR-APRa 四川省石棉县南桠河擦罗乡上里村段防洪治理 wap.huobiao.cn/detai  news
134932 INFO: news
134932 INFO: 1天内 广州番禺星亚服饰有限公司座落于广州市番禺区莲花山港口经济开发区,自公司1998年成立起,经香港联亚集团特许授权成为香港高等女装品牌MYHALF曼哈芙系列服饰的中国单独经... news
134932 INFO:     http://www.baidu.com/link?url=K9UDbdYOHJRx9LVdFzQlhhE9jGUHQPrCz2X46iod-ByStH1PMVJ55i2ltdi2NhGJQyFDVCugcNYxB5-SCM_UTwErh3whVuJS8JL1v2Dzfaq 【曼哈芙女装加盟费】加盟曼哈芙女装需要多 <div class="c-img c-  news
134932 INFO: news
134932 INFO: 1天内 全线设佛山西(既有)、张槎、顺德北、北滘西、陈村、番禺、广州长隆、东环、官桥、广州莲花山、麻涌、东莞西(既有)等12个车站。 目前这两个项目均已在去年12月底全面启动... news
134932 INFO:     http://www.baidu.com/link?url=CsBVeg5mgCLszEvf0E1C6oJjg6eqTjfLmkcB_91JsJzFOmukbXtA2-wxe0NRGKiiuWrA8YitiB8MzHKibOwgLq 这些铁路计划2022年内开通……最新进展 中国汽车网  news
134932 INFO: news
134932 INFO: 1天内 广州番禺星亚服饰有限公司座落于广州市番禺区莲花山港口经济开发区,自公司1998年成立起,经香港联亚集团特许授权成为香港高等女装品牌MYHALF曼哈芙系列服饰的中国单独经销商。本着与时俱进、... news
134932 INFO:     http://www.baidu.com/link?url=6Br386Z5MzvhtNqyJm6vzg9BI-Qy_063SOJIGXRSYoT4lS8hlsayF_T_iYbQQdZNbq3NRYw_BWg4BjlSk4h-dC3OQloVycR9ttSt3ji9iTK <div class="c-img c- 百度快照  news
134932 INFO: news
134932 INFO: news end | 番禺 莲花山
135403 INFO: 1天内 同年衣美特女装品牌在广东番禺石基斥巨资建立起生产基地。公司占地2万多平方米,和深圳营销总部形成了集设计、生产、销售于一体的大型服装企业。公司拥有各类机器、机车1... news
135403 INFO:     http://www.baidu.com/link?url=eIdEOyzCT-9d0e8A5RA87EmxIJb1WXolliqpW078KS87jM3FJFRiLYfuL8Jqk6Gs5zkcIRib_OS45ulFQQKgn7ILw-MZd_8tXT9VMV-p4J_ 衣美特女装加盟_衣美特女装怎么加盟_衣美 <div class="c-img c-  news
135403 INFO: news
135403 INFO: 2小时前 7号线西延线,将首次在轨道上打通顺德与番禺,值得一提的是,同样贯穿顺德的佛山3号线,也预计在今年年底试运营,对这个“佛山一哥”而言,可谓双喜临门。 2022年,广佛同城迈入新纪元,也成为了顺... news
135403 INFO:     http://www.baidu.com/link?url=Cm-Rm2KYRyjGVXXW8vMTFPOASqfpRkzUZMJW6JZlts_zLZ6Ocf-ZkZEV_XdY5iPUWbj708zta_bRhNZXhdOJP9XX4s0PBWe4eNGkq_m3eRe 微博 百度快照  news
135403 INFO: news
135403 INFO: 1天内 农村集体资产交易竞投结果公示(成功)农村集体资产交易管理中心受南村镇头村股份经济社委托,就南村镇头村“头场”租赁项目(区 news
135403 INFO:     http://www.baidu.com/link?url=Hfx-FhfdpjzGHgKNLj0cwNUklbA4YxnB4saeepCciOSurjJsxbgdu8efdefRobXGaNcH0H1kcdUqBo3ivK2eQqJ5MuUXjD0YyiOlS50Mpt3 <em>番禺区南村</em> www.bidchance.com/in  news
135403 INFO: news
135403 INFO: news end | 番禺 石基
140356 INFO: 2小时前 虹桥中心Art Park大融城位于上海长宁区虹桥临空CBD淞虹路377号,地铁2号线淞虹路站上盖,是光大安石全新产品线。项目由5座建筑围合而成,总建筑面积17万㎡、商业面积6万... news
140356 INFO:     http://www.baidu.com/link?url=V3XjRzifgSVzhRmUVntzCeW_vQuHQDrf83D4skZjHvsW_Ec0se8eicOZtnx9D6pCP3VhTlNA-L0r0LKHjTMx1q HEAD中国首店和Goldwin中国首家 网易新闻  news
140356 INFO: news
140356 INFO: 3小时前 买房的朋友可以试着沿着这几条线找找,不说捡漏,总不会亏到哪里去。相信有人已经发现了,上述四条地铁线中纵向两条都经过长隆和万博一带,算上七号线,那一块儿已经是番禺... news
140356 INFO:     http://www.baidu.com/link?url=Pemg3aP9Hisu4RL8w3R790V8AzujATAGzAChWzRxYNxFm1qaGB7HjNddpMuU0URpdnAf-e7W8p3RZj9gLaZ6O_ 已颇具规模的长隆、万博CBD, 网易  news
140356 INFO: news
140356 INFO: 22号线最直接的意义,当然还是来自于出行的需求。 以首通段的番禺广场至陈头岗为例,途经的站点包括有番禺广场、市广路、广州南站、陈头岗四个站点。 其中,番禺广场和广州南站... news
140356 INFO:     http://www.baidu.com/link?url=57aywD0Q6WTnl7XKbIHuE8b-omKc3ap2x5EsTpVbV6ADOIluLAIbacRf6dHsTAISmaWpMO1JHnirigmsvzWxJK 全广州人,都在等地铁22 搜狐网  news
140356 INFO: news
140356 INFO: 2小时前 项目位于广州番禺大石,毗邻长隆旅游度假区,体量7万平方米,集都会潮流、佳肴荟聚、亲子家庭、酷潮社交等商业业态于一体。目前已入驻万民超市、星巴克、麦当劳、肯德基、奈雪的茶、NIKE、ADI... news
140356 INFO:     http://www.baidu.com/link?url=f10Qt9nimZOhjlt28W0BD-ElNiNQr5aromL7AgEhXZtXWyAqaqBcNFQo2Yh-LY2DYBtY2CZd_uzQzkPUxHch9a 网易 百度快照  news
140356 INFO: news
140356 INFO: 3小时前 利好规划加持之外,番禺利丰北项目还拥有约1.5公里的一线海岸线。 在广州,江河湖山都很常见,但如果想收藏一线海景,莲花湾是整个主城唯一的选择。 过去的2021年,尽管楼市起伏不断,保利依旧稳... news
140356 INFO:     http://www.baidu.com/link?url=Mhn2xw9r6Htoy1dvY-vRSGzpqtSOB6_y-bNUr1GxxeN9_Q1iPW4kaaR97B1kyT--rGUoL2xV6pFryKFu33azaa 网易 百度快照  news
140356 INFO: news
140356 INFO: 3小时前 二、番禺的规划概念不少,但最靠谱的还是万博,无论当下还是未来。 三、番禺南部的楼盘未来十年的增长点就看万博CBD了。 一、纠结的白云和一路高歌的番禺 在广州工作的人应该都听过地铁死亡... news
140356 INFO:     http://www.baidu.com/link?url=V3XjRzifgSVzhRmUVntzCeW_vQuHQDrf83D4skZjHvti-DFzQNU1_uurfqHRhY8oAwht5R7c-5oPuQ5AxNnGW_ 网易新闻 百度快照  news
140356 INFO: news
140740 INFO: 4小时前 寸土寸金的越秀区2022年将迎来一个全新项目——广州城投·领越壹号。项目位于北京路商圈附近,距离地铁六号线团一大广场站仅约200米,项目拟建高层住宅、配套商业、幼儿... news
140740 INFO:     http://www.baidu.com/link?url=XcbMpO-kx3zzYp1GNSnxawkqVcEP7D0zwa9G2E9Fxj6wd7lgHT09kO9RWQyxIHuQbGbFv8DbG1apnqw4e7_IX_ 2022年广州预计有118个新盘入市!天 搜狐网  news
140740 INFO: news
140740 INFO: news end | 番禺 四号线
141413 INFO: 3小时前 三、至少未来十年,番禺的价值最高地和亚运城 长隆、万博一带的开发起源于广州对建设新城的需求最旺盛的时候,规划起点就高,进度一路高歌,是天时;地势平坦,靠近市中心,加持两大地铁主干线,是... news
141413 INFO:     http://www.baidu.com/link?url=V3XjRzifgSVzhRmUVntzCeW_vQuHQDrf83D4skZjHvti-DFzQNU1_uurfqHRhY8oAwht5R7c-5oPuQ5AxNnGW_ 网易新闻 百度快照  news
141413 INFO: news
141413 INFO: 1天内 (略)公安局(略)分局亚(略)行动计划委托中介机构项目中标公示 (略)开标。按招标文件规定的评标方法,已确定中标候选人,现将有关内容公示如下: (略)公安局(略)分局亚(略)行... news
141413 INFO:     http://www.baidu.com/link?url=5Ut6WWbM0M-176ZRorUs-P0E6_2UaQwP6AfkJRqvu7jXYG6wOqeNuklLj9B19YVSwVw3lQtXpZ5QYK5KZ71kKq 绍兴市公安局越城区分局 www.chinabidding.cc/  news
141413 INFO: news
141413 INFO: 3小时前 三、至少未来十年,番禺的价值最高地和亚运城 长隆、万博一带的开发起源于广州对建设新城的需求最旺盛的时候,规划起点就高,进度一路高歌,是天时;地势平坦,靠近市中心,... news
141413 INFO:     http://www.baidu.com/link?url=ff5wAx77UJn0ArP1lGDYHReh7zsVNr6Ag2J_LbTtc_UJP9DYtqUo6u8eMX3VKe_6uXQRN69_iZM6gzfTJlOZy_ ...万博CBD,番禺未来十年的价值高地 网易  news
141413 INFO: news
141413 INFO: 5小时前 记者查阅阳光家缘预售证一栏发现,增城的龙湾壹号、万科金茂都会四季等盘,均一次性获批过千套可售单位;此外,广州亚运城、品秀星图、保利锦绣公馆等盘也均一口气申领了... news
141413 INFO:     http://www.baidu.com/link?url=Q92WQPIIgW_GNOaqR5ZG7xQV9BnGPm-CGOFCLXu9949wZj2Q_KhmAWVpublbusxYJHaM2VhP7bhyurW3b00J9qA7_FJioASkDoBaRzNSuM8gL_wwHzrQ1emJyztkwBX0 平顶山新华区高端工作室上门_清徐新闻网 www.kaihit.com/www.a  news
141413 INFO: news
141413 INFO: 19小时前 ?日核酸检测量达150万人份,火眼实验室落地广州亚运城 郑州已解封,为何部分快递仍不发货?回应来了! 广东中山发现1名广州无症状感染者关联的密切接触者 数字化治理需要... news
141413 INFO:     http://www.baidu.com/link?url=3yAuibVGwpXkjYH9YiTIcV6ptfrUnbJjhLNfg7y63Tfg5rjqSML5C854MABUwlqc1K_unWgQq5Ece3Yyrax__hfNO239xbpl--6bJVIl_Fy 长沙肚子半夜疼-〖长沙湘雅二院〗 bbs.classic023.com/z  news
141413 INFO: news
141947 INFO: 2小时前 按照目前的规划,将有4条跨城地铁贯通广佛,这在全国是绝无仅有的,除了广佛1号线、佛山2号线,还有广州地铁7号线西延线以及佛山11号线。 其中,7号线西延线全长13.4公里,已经完成试运营,预计在... news
141947 INFO:     http://www.baidu.com/link?url=SotkFCBmjRy5SloQKSs00zaLqB3AZ5rnMPoFl2BIgPR6-V1rxEKID5zze0O1luj6FoM1S9B38Cmrtn99s6e1RyavD41Y4tLq6vNQiEnnYES 微博 百度快照  news
141947 INFO: news
141947 INFO: 18小时前 不仅如此,2021年5月,“亚运文化走十城”活动启动,通过北上、南下、西进,杭州与上海、南京、天津、北京、广州等十座城市牵手相拥、热情对话,邀请全国人民都共同参与到这场体育文化盛会中,... news
141947 INFO:     http://www.baidu.com/link?url=l9yQCFTVt7bffoLq_APCm36VUU3nHBG-uPENI2j-hDfpXTEj9DymjbFs1nDF1K70BN5yxWAMr0Kt7-Hk_Bg4S_ 搜狐网 百度快照  news
141947 INFO: news
142315 INFO: news end | 广州 亚运城
142929 INFO: 3小时前 这几点南站都比不了。所以对于番禺,我坚持看好万博CBD,番禺区无可争议的王者。 文章最后提一下亚运城,既然写到番禺,总免不了提几句,我坚持认为亚运城不是坑,亚运城自... news
142929 INFO:     http://www.baidu.com/link?url=Bk8eIUcyp3fNbnQmfvoZlgM7TEMM8GaNjjSJVEl4iZW5ZgYmdF4LHDTjACZxuFU0du20bGeMXZTPDpnOPq3JQq 已颇具规模的长隆、万博CBD, 网易  news
142929 INFO: news
143347 INFO: 5小时前 广州越秀新河浦改造成历史文化街区。 南都记者 马强摄 2021年,广东省人民政府办公厅印发《广东省人民政府办公厅关于全面推进城镇老旧小区改造工作的实施意见》,为全省... news
143347 INFO:     http://www.baidu.com/link?url=seUzu-w-TEYsSLforsBdKkli5KgHkQCO12LP_81_3aR5oeE6Msyb_F4gZqIJQACCUDXwM_2j80yGtdlVM-y8DK 城镇老旧小区改造 广东1年投入财政资金近 house.focus.cn/zixun  news
143347 INFO: news
143731 INFO: 番禺广州亚运城楼盘 低价信息,实勘房源,实景图,价格走势.番禺广州亚运城楼盘,大量笋盘,供您海量筛选! news
143731 INFO:     http://www.baidu.com/baidu.php?url=0s0000aPch_Smgbn9gKfJlJbihb7Gaa24vd-BV9I7h_iXIkm162AVqDFnEMWQn1oHC_0DcOaxFnYed-Jlu3puXdWG3H2X6sT4vGVLxHt8j7P--62QUHj-kxuFRySyigrX-V-S6vh8N2LIx87hFTiWmDywETSADA6n0YSR0Tibu00q-lUZnCMrzQO-UQ0nn7uf8usFgCktBruEE_rywJFMpCcvJDY.DR_NR2Ar5Od66dT5-ah261Dh6BKnYIH_AVMPKLeRlAn5M8sS8OjlOgj4e_5o33IOM9tS1jlSLjEq8Z1vmxgl3IqhZ1LmIOdse55oAMikX1BsIpVrrBkWYRgmnUni-muCyr5W3q-p60.U1Yk0ZDqVl1moBRznPZZdn81ksKspynqnfKsTv-MUWYLuAnvnhfsPhcvuhP-uHP-uyPhmWDYrj0vnjDzmWnkPfKY5UX_v2l43qUIYTxRze5ZsJg710KGUHYznWR0u1dsTLwz0ZNG5yF9pywd0ZKGujYY0APGujY3P0KVIjYknjD4g1DsnHIxnW0dnNtznjmzg1bknjwxn1msnfKopHYs0ZFY5iYk0AFG5HDdr7tznjwxPH010AdW5HD3PWcdn16YnHNxnHbkP1c4nWT4n7tznjRkg17xnHRvg100TgKGujYY0Z7Wpyfqrjf0ThIYmyTqn0K9mWYsg100ugFM5Hc0TZ0qn0K8IM0qna3snj0snj0sn0KVIZ0qn0KbuAqs5H00ThCqn0KbugmqTAn0uMfqn0KspjYs0Aq15H00mMTqnH00UMfqn0K1XWY0mgPxpywW5gK1QyIlpZ940A-bm1dcHbD0TA9YXHY0IA7zuvNY5Hm1g1KxnHR10ZwdT1Y4Pjn4n1RLnjfzn1DLPjn3rjR10ZF-TgfqnHmYnHcLrjcYrH04nfK1pyfquWR3n1cYrjmsnjK-rHP9u0KWTvYqwRPKnjwKnjIKrD7AnDmkw0K9m1Yk0ZK85Hc0TydY5H00Tyd15H00XMfqn0KVmdqhThqV5HKxn7tsg1Kxn7ts0Aw9UMNBuNqsUA78pyw15HKxn7tsg1Kxn7ts0ZK9I7qhUA7M5H00uAPGujYknjT1P1fkrjcY0ANYpyfqQHD0mgPsmvnqn0KdTA-8mvnqn0KkUymqn0KhmLNY5H00pgPWUjYs0A7buhk9u1Yk0Akhm1Ys0AwWmvfq0Zwzmyw-5HR4njckPsKBuA-b5fKEm1Yk0AFY5H00Uv7YI1Ys0AqY5H00ULFsIjYsc10Wc10Wnansc108nj0snj0sc10WnansczYWna3snj0snj0Wni3snj0knj00TNqv5H08rH9xna3sn7tsQW0sg108nj7xna3sP-tsQWb3g108rjNxn0KBTdqsThqbpyfqn0KzUv-hUA7M5H00mLmq0A-1gvPsmHYs0APs5H00ugPY5H00mLFW5Hn3rjmY&us=newvui&cegduid=n1R4nHnsPs&solutionId=6347368&word= <div class="ec_desc"  news
143731 INFO: news
143731 INFO: 亚运城天韵户型图,亚运城天韵怎么样,微信积水,竣工验收,墙砖验房,火热预约中,免费出电子版报告,关注积水验收,门窗水电验收,查验墙面墙砖空鼓 news
143731 INFO:     http://www.baidu.com/baidu.php?url=0s0000aPch_Smgbn9pELgb_5MPZZKYnGBIFd0HwsQLt2DH-jqvNy0HB-qjo680TWWOOW-PfLr9dv0VtrUVeEdmGIWrRFc6Spo1chc3D3zffd616OcTyKbqjwvDmnfq1s_HvjgM13qVxY_oUY-y7Il-bcHndvh96V7uU0jtscvgN1gQPLdDtywGrEJFt0TDWHIH6lgbSF8_xYxltko3x4sI-ESdqg.Db_jNslAmVUruDZs2N9h9mLIPIx7f0.U1Yk0ZDqVl1moBRznPZZdn81ksKspynqnfKsTv-MUWYzuhDvrHm1nhcdnjRzPj7hPW0kP1R4P1n4PWDdnAnvrfKY5IZZdn81kt1_dnSeGqjP1Us0pyYqnHfvnfKM5gK1IZc0Iybqmh7GuZR0TA-b5Hf0mv-b5H6Y0AdY5HDsnHIxnW0vn-tznjRkg1DsnH-xn1msnfKopHYs0ZFY5iYk0AFG5HDdr7tznjwxPH010AdW5HD4nHf4n1DkrjNxnNtznjRkg1DsnH-xn0KkTA-b5Hf0TyPGujY3P0KzuLw9u1Ys0A7B5HKxn0K-ThTqn0KsTjYs0A4vTjYsQW0snj0snj0s0AdYTjYs0AwbUL0qn0KzpWYs0Aw-IWdsmsKhIjYs0ZKC5H00ULnqn0KBI1Ykn0K8IjYs0ZPl5fK9TdqGuAnqTZnVuLGCXZb0pywW5R9rffKspZw45fKYmgFMugfqn17xn1DYg1DknsKYIgnqnHTvnH6krjnvrjcvnjm4njDzrjm0ThNkIjYkPWfknWT3nWf4njbk0ZPGujdhPH61nWf3PW0snAR4nv7b0AP1UHd7fYDsPDDsPYD3fRmswW7D0A7W5HD0TA3qn6KkUgfqn0KkUgnqn0KlIjYs0AdWgvuzUvYqn7tsg1Kxn7ts0Aw9UMNBuNqsUA78pyw15HKxn7tsg1Kxn0Ksmgwxuhk9u1Ys0AwWpyfqPsK-IA-b5HmY0A71TAPW5H00IgKGUhPW5H00Tydh5H00uhPdIjYs0A-1mvsqn0K9uAu_myTqnfK_uhnqn0KbmvPb5fKYTh7buHYs0AFbpyfq0AFY5HD0Uv7YI1Ys0AqY5H00ULFsIjYsc10Wc10Wnansc108nj0snj0sc10WnansczYWna3snj0snj0Wni3snj0knj00XZPYIHY1PHbkP1D1n0KkgLmqna31n7tsQW0sg108njKxna3snNtsQW0vg108rHPxna3sn7tknW60mMPxTZFEuA-b5H00ThqGuhk9u1Ys0APv5fKGTdqWTADqn0KWTjYs0AN1IjYs0APzm1Ydrj6knf&us=newvui&xst=T1YkP1m4nH0zn1bkrHD3PWmkn1DvPNtkPjmkg10KI1LwkqHQ_txnePH58lxf1Tvt0gDqVl1moBjwkqHQ_tTKIHY1PHbkP1D1n07Y5HDvPjDzP16zPjbKUgDqn0cs0BYKmv6quhPxTAnKUZRqn07WUWdBmy-bIfD1rHRvnHc4n1bk&word= <div class="ec_desc"  news
143731 INFO: news
143731 INFO: 【亚运城】均价27000元/平,89平-142平户型火爆销售中,点击了解最新优惠楼盘动态,房源价格,特价房源,剩余房源,备案价格,优惠信息,详情来电咨询! news
143731 INFO:     http://www.baidu.com/baidu.php?url=0s0000aPch_Smgbn9NmecGvcZExGIze-a45MEtdAmdGik59K69-hTwLtAuIHbZzIjEs0hocqjYNU5kQekg256bzvNwuCyxkwhmZlj4537C283i3ZhantRnkSj0iel75oVCdu_tcesT_fZlDLDMNgubxOSX3cnahGKm67c_OZb92qLVR7SlSToQ3oXcw8iU7KCC1GyFm3GlkrDM2qpgCzYDt_BnKZ.DD_NR2Ar5Od6689tVTrWC9J4c5H-HjfSipjQl5xDkb9Lqhz1ubtUoQ2eSzAzEk8o3vIPMWxIgYvgqmphmCbYyQvTyjovGYTjGohn5M8sS8OjlOgj4e_5o33IOM9tOZjELmxUeT5M33xUY3xgv3x5_sSEVseOU9tqhZdS8Zxu9tqvZxqTr11sSXejESZjlvmx5I9vxj9qxpGyAp7WIYSrHGR.U1Yk0ZDqVl1moBRznPZZdn81ksKspynqn0KsTv-MUWY3PjNWuhF-PAwBuy7hnHNhnWRvP1nznjmYuW9Wn1nsmfKY5UMWdVvLoPB8YTxRze5ZVIWZS0KGUHYznWT0u1dsTLwz0ZNG5yF9pywd0ZKGujYY0APGujY3P0KVIjYknjDLg1csPWFxnW0dnNtknjD4g1nvnj7xrHDLr0KopHYs0ZFY5iYk0AFG5HDdr7tznjwxPH010AdW5HD4nHmzPHTvnj7xnWmznWf1PWTsPHKxnW0dnNtknjD4g1Kxn0KkTA-b5Hf0TyPGujY3P0KzuLw9u1Ys0A7B5HKxn0K-ThTqn6KsTjYs0A4vTjYsQW0snj0snj0s0AdYTjYs0AwbUL0qn0KzpWYs0Aw-IWdsmsKhIjYs0ZKC5H00ULnqn0KBI1Ykn0K8IjYs0ZPl5fK9TdqGuAnqTZnVuLGCXZb0pywW5R9rffKspZw45fKYmgFMugfqPWPxn7tkPHc0IZN15HD3nHcdrHcLPHbvrj0srHb3rjfd0ZF-TgfqnHmYnHcLrjcYrH04nfK1pyfquWR3n1cYrjmsnjK-rHP9u0KWTvYqwRPKnjwKnjIKrD7AnDmkw0K9m1Yk0ZK85Hc0TydY5H00Tyd15H00XMfqn0KVmdqhThqV5HKxn7tsg1Kxn7ts0Aw9UMNBuNqsUA78pyw15HKxn7tsg1Kxn7ts0ZK9I7qhUA7M5H00uAPGujYs0ANYpyfqQHD0mgPsmvnqn0KdTA-8mvnqn0KkUymqn0KhmLNY5H00pgPWUjYs0A7buhk9u1Yk0Akhm1Ys0AwWmvfq0Zwzmyw-5H00mhwGujY0UvnqnfKBIjYs0Aq9IZTqn0KEIjYs0AqzTZfqnanscznsc10WnansQW0snj0snansc10WnanVc108nj0snj0sc1D8nj0snH0s0Z7xIWYsQWnsg108njKxna3sn7tsQW0kg108njwxna34PNtsQW0sg1Dzr0KBTdqsThqbpyfqn0KzUv-hUA7M5H00mLmq0A-1gvPsmHYs0APs5H00ugPY5H00mLFW5HfdPjT1&us=newvui&word= <div class="ec_desc"  news
143731 INFO: news
143731 INFO: 【亚运城】实时价格查询,24小时售楼热线,余房查询,备案价格查询.楼盘资料,余房查询,优惠活动,备案价查询,售卖详情查询,点击进入查看! news
143731 INFO:     http://www.baidu.com/baidu.php?url=0s0000aPch_Smgbn9wrl9WPjcFs96K1R3CHi9WlPl3r1PLsGn4mXXXUJBYFdlolNbq9qzChdpQEXgmj67wWTjwOxpb5J17fEP2qloE-kLiZjXahVc3tMtJdPGrWbzN0bZy559NP4-K149ns0cjBo4Sp8bGhdFCco3Fje7gkDteJXkIjPRxDbNs9xVyWyPrrmkfqS4Dw3llHpY_9kANNwzBmp6VCo.DR_NR2Ar5Od663rj6tVZwNoowKlTJmpZzHfuxwe3hnbrO_vyUnMWIuugxvfvNSPdxA1G_tUeJShzOojR17DhBkX1BsIXdrW6IPTk9tOZjELmxUeT5M33xUY3xgv3x5_sSEVseOU9tqhZdS8Zxu9tqvZxqTr11RojPakvuPvHmC0.U1Yz0ZDqVl1moBRznPZZdn81ksKspynqn0KsTv-MUWYdmhP-PHRduh7-njf3mvDzrAmvPHNWuhfvm1DzmvfsP0KY5UX_v2ewkqHQ_tT0pyYqnWcL0ATqTZPYT6KdpHdBmy-bIfKspyfqP0KWpyfqrjf0UgfqnH0kPdtznjmzg1csPH7xnH0krNt1PW0kg1bkP160pvbqn0KzIjYVnfKBpHYkPH9xnW0Yg1RsnsKVm1YkrHDvP1R1n16sg1cLnjD3PjfvP1bdg1csPH7xnH0krNtsg100TgKGujYY0Z7Wpyfqrjf0ThIYmyTqn0K9mWYsg100ugFM5Hc0TZ0qn0K8IM0qna3snj0snj0sn0KVIZ0qn0KbuAqs5H00ThCqn0KbugmqTAn0uMfqn0KspjYs0Aq15H00mMTqnH00UMfqn0K1XWY0mgPxpywW5gK1QyIlpZ940A-bm1dcHbD0TA9YXHY0IA7zuvNY5Hm1g1KxnHR10ZwdT1YknHRknjnzrHTLrHDkrH0YnWnYn6Kzug7Y5HDvPjDzP16zPjbsrHD0Tv-b5ymdrjnzPj6vnj0suHb1myf0mLPV5RNjfH0YfH0LfH9KwWKAnRf0mynqnfKsUWYz0Z7VIjYs0Z7VT1Ys0ZGY5H00UyPxuMFEUHYsg1Kxn7tsg1Kxn0Kbmy4dmhNxTAk9Uh-bT1Ysg1Kxn7tsg1Kxn0Ksmgwxuhk9u1Ys0AwWpyfqn0K-IA-b5iYk0A71TAPW5H00IgKGUhPW5H00Tydh5H00uhPdIjYs0A-1mvsqn0K9uAu_myTqnfK_uhnqn0KbmvPb5fKYTh7buHYs0AFbpyfq0AqW5HD0mMfqn0KEmgwL5H00ULfqn0KETMKY5H0WnanWnansc10Wna3snj0snj0Wnansc10WQinsQW0snj0snankQW0snjDsn0KkgLmqna34PdtsQW0sg108njKxna3sn7tsQW0Yg108rHNxna33P-ts0AF1gLKzUvwGujYs0ZFEpyu_myTqn0KWIWY0pgPxmLK95H00mL0qn0K-TLfqn0KWThnqrjTzns&us=newvui&word= <div class="ec_desc"  news
143731 INFO: news
143731 INFO: news end | 番禺 亚运城
143902 INFO: 3小时前 凤凰城天麓山和豪进山湖珺璟大概是新塘镇环境最好的两个楼盘了，其中，天麓山主打半山上，高绿化率，的优质居住环境，适合对公共交通要求不高的群体。而豪进则主打闹市中绿洲的定位，整体... news
143902 INFO:     http://www.baidu.com/link?url=B68_c5cKtN5mlT6S6YDqRbZwv2kkvFUgpucSlz1ugP6BpgZktQY57cnxvP8oAJRn0WZ_Cxlt5BJWGZyjN8nvTajtwZ7ZlvLVGxloxrcfNTu <div class="c-img c- 百度快照  news
143902 INFO: news
143902 INFO: 16小时前 该线路途径光明中心区、凤凰城片区终至光明城站, 建成后将与13号线、18号线、 莞深城际、广深港高铁、赣深高铁换乘, 为东莞的街坊提供更多便捷的方式! 又多一条去广州的道路! 狮子洋通道... news
143902 INFO:     http://www.baidu.com/link?url=pf_gbyx_ThU93UMz6NmvQBgCo3Mr13rOPybaDXUyvQtoB1TYopOX5aCLfkCk4RI9qRHsabFaGc3v5j09XJMC1_ view.inews.qq.com/a/ 百度快照  news
143902 INFO: news
143902 INFO: 1天内 站点明细:公交集团、广州路长城路北口(东单)、中南世纪锦城、市林业局、鲁商凤凰城南门、港湾新城、港湾新城西门、天香路春晖路南口、铝材大市场东、双河小学、景岸家园... news
143902 INFO:     http://www.baidu.com/link?url=Snxwf8tpL3L5Ulpl2VKawPH1unj73G8YwqPdAWbS5OkjOkb4xhCblPl2pZFwy3VU1LfKk4sV6C5InZ1gZ799yK 腾讯内容开放平台 page.om.qq.com/page/  news
143902 INFO: news
143902 INFO: 15小时前 该线路途径光明中心区、凤凰城片区终至光明城站, 建成后将与13号线、18号线、 莞深城际、广深港高铁、赣深高铁换乘, 为东莞的街坊提供更多便捷的方式! 又多一条去广... news
143902 INFO:     http://www.baidu.com/link?url=L7233kPzcgtpHaQNwYeb_Z-mP4XFYjoraV4NDXsUoN1fcoKn9b6q_l6kXLFOcUbN 大局已定!2022年东莞将全面爆发!其他 <div class="c-img c-  news
143902 INFO: news
143902 INFO: 1天内 增城:朱村、中新镇、新塘、凤凰城、大沙地、黄埔区府、黄埔新村、开创大道北、开发东区、开发区东、开发区西、开发西区、科學城、文冲、鱼珠、知识城;荔湾、白云、花都... news
143902 INFO:     http://www.baidu.com/link?url=aSJIXWFnurmfnWZtZIqS-kup_jLYoUv0BlLL5TTk6BxyxXyEtmOcxpYsDHnEfFZpFG36jcOXXwtOk5UZFsEYyq 和丰大厦写字楼出售,各付各税 可交吉 海 gz.office.fang.com/s  news
143902 INFO: news
143902 INFO: 2小时前 另外，增城本周仍然有四个项目上榜，在数量上是最多的，排位上也不俗。分别为排在第三的合景·融创·叠溪花园、排在第六的碧桂园凤凰城云顶、排在第八的金地半山风华以及排在第十位的金地... news
143902 INFO:     http://www.baidu.com/link?url=dW75GMEJ3xoQvH4l-46VEjDth6MbagfTqmzJ_AMkv7cNCXxgmTj5at00wgJowKVDRXhpwfPtmJtEVj8jcqKfIWr_PqxgJAjHao9qGt15CDy <div class="c-img c- 百度快照  news
143902 INFO: news
143902 INFO: 2小时前 站点明细:公交集团、广州路长城路北口(东单)、中南世纪锦城、市林业局、鲁商凤凰城南门、港湾新城、港湾新城西门、天香路春晖路南口、铝材大市场东、双河小学、景岸家... news
143902 INFO:     http://www.baidu.com/link?url=V3XjRzifgSVzhRmUVntzCeW_vQuHQDrf83D4skZjHvqyOR6rwyLP-77vwiJix4AgeP_lkE0yJwwmXUMMDlsBHK 春运火车票开售!今年在外菏泽人可以坐高铁 网易新闻  news
143902 INFO: news
144008 INFO: 【广州】2021真实广州增城碧桂园凤凰城 最新信息就在爱好房,房源多.户型齐全,价格实时查看. news
144008 INFO:     http://www.baidu.com/baidu.php?url=0s0000aPch_Smgbn9TfhXB5_2d6Rd9vINJISsqJEt1GBeyBuCLXuaLD8htUGd20cVtOmVEnYp225ztLNearQ10iu_ze8WWb-ISqJXrTeGDW7hlhq5UZfBVz723fMPfIyw8HMVLizob5nywV4KBD5I7LgN5kVd2UiAKU7WfXWuRoCsOHpALoLJMweWqObtsU0ksdESmRk3G3RdiemrtoDua-G-WzM.7R_ip_jrU9JI6tMdn8d_4bfgFCnECsmCPMAz1hGyAp7WIuEvX26.U1Yk0ZDqd5p1kzRznQxE8t81ksKspynqnfKsTv-MUWYzm1n1mW-BrH--ujRLmymduhPhrHc4n1nYuHNWnvF9rfKY5UMWdVLRqo5Z_Tz4tPisVSSeze5Z0A-V5HczPfKM5yN1mg9BIZPkug9s0ZNG5yF9pywd0ZKGujYY0APGujY3P0KVIjYknjDLg1DsnH-xnW0dnNtknjmkg1csPWFxn1msnfKopHYs0ZFY5iYk0AFG5HDdr7tznjwxPH010AdW5HD4nHmLnWbLrjKxnH0krNtznjRkg1Dsn-tkg100TgKGujYs0Z7Wpyfqn0KzuLw9u1Ys0A7B5HKxn0K-ThTqn6KsTjYs0A4vTjYsQW0snj0snj0s0AdYTjYs0AwbUL0qnfKzpWYs0Aw-IWdsmsKhIjYs0ZKC5H00ULnqn0KBI1Ykn0K8IjYs0ZPl5fK9TdqGuAnqTZnVuLGCXZb0pywW5R9rffKspZw45fKYmgFMugfqPWPxn7tkPHc0IZN15Hn4Pjb3n1b4rHR3rHckPHnsPW00ThNkIjYkPWfknWT3Pj0vP1040ZPGujY4mHmsrHFWPH0snj0snj040AP1UHd7fYDsPDDsPYD3fRmswW7D0A7W5HD0TA3qnfKkUgfqn0KkUgnqn0KlIjYs0AdWgvuzUvYqn7tsg1Kxn7tsg100uA78IyF-gLK_my4GuZnqn7tsg1KxPH6LnHnkrNtsg100TA7Ygvu_myTqn0Kbmv-b5H00ugwGujYVnfK9TLKWm1Ys0ZNspy4Wm1Ys0Z7VuWYs0AuWIgfqn0KGTvP_5H00mywhUA7M5HD0UAuW5H00uAPWujY0IZF9uARqn0KBuA-b5fKEm1Yk0AFY5H00Uv7YI1Ys0AqY5H00ULFsIjYsc10Wc10Wnansc108nj0snj0sc10WnansczYWna3snj0snj0Wni3snj0knj00XZPYIHY1n1nkrjndn0KkgLmqna34P7tsQW0sg108njKxna3snNtsQW0dg108rH9xna3Lndts0AF1gLKzUvwGujYs0ZFEpyu_myTqn0KWIWY0pgPxmLK95H00mL0qn0K-TLfqn0KWThnqn1RdnWf&us=newvui&xst=T1YknHDzPj0dnWfdPjfknHn1P1T1PdtznWNxn07L5UMWdVLRqo5Z_Tz4tPisVSSeze5Z0gDqd5p1kzaLeeEQ_tTKIHY1n1nkrjndn07Y5HDvPjDzP16YnjmKUgDqn0cs0BYKmv6quhPxTAnKUZRqn07WUWdBmy-bIfD1rjbsn104PHTY&cegduid=n1n1nH61PH0&solutionId=14761217&word= <div class="ec_desc"  news
144008 INFO: news
144008 INFO: 20小时前 【—c150.cc—】【到.浏.览.器.打.开】时代中国广州vs苏州肯帝亚超清直播. news
144008 INFO:     http://www.baidu.com/link?url=FOedH0r_aLkJPWI5ic4KHSxAhVuatvnz7f8BvE8IrtghYrfM3ZJpr_HZ_ArHrfSeNDecuFJ0nJLuocMZYoIcaq 时代中国广州vs苏州肯帝亚超清直播 www.c-ave.com/sear..  news
144008 INFO: news
144008 INFO: news end | 增城 凤凰城
144204 INFO: 15小时前 增城区应元学校高中部 2021年9月11日,广州公共资源中心发布增城区应元学校高中部建设项目选址永宁街岗丰村,宁埔大道以西、斐特思公学以东、增城区凤凰实验小学以南,距离应元学校初中部约2... news
144204 INFO:     http://www.baidu.com/link?url=q3wpio44-XkeuELV__7yUZwrylZ-9I5UdBFEiNTQw2w0OLZ8VD0aKt9_t7nlvj_V2XBwaf7LnyEw46lDA5rJT_ view.inews.qq.com/a/ 百度快照  news
144204 INFO: news
144204 INFO: 3小时前 新新公路即将开通,将能有效改善增城中南部的交通环境,有利于新塘、中新、永宁居民的出行。 2022,广州大爆发,一大波利好来袭,你有没有收到大礼包? 充满期待的一年,开始... news
144204 INFO:     http://www.baidu.com/link?url=V3XjRzifgSVzhRmUVntzCeW_vQuHQDrf83D4skZjHvsnMbE6-HKAfC232axbe-uDbnNQeNEBhIsrDt7dmm7t1a ...一批广州人身价即将暴涨|黄埔|南沙 网易新闻  news
144204 INFO: news
144204 INFO: 这些2022的增城新计划和新变化,“快快趣”提前了解下先! 01. 事关出行 二轮车专用道  最近大家“揸电鸡”出行,有没有发现斑马线前多了一条道,这是二轮车专用道。 增城是全市... news
144204 INFO:     http://www.baidu.com/link?url=eipEpHMM0zdyeXTb6XVye5UQon4WdogjbtxVSe3Zmn171uOAl2k9dbqjh9_Xl1zlFs0mmoJW68P1CtmyjHxA6a 好家伙!2022年 搜狐网  news
144204 INFO: news
144204 INFO: 3小时前 新新公路即将开通,将能有效改善增城中南部的交通环境,有利于新塘、中新、永宁居民的出行。 2022,广州大爆发,一大波利好来袭,你有没有收到大礼包? 充满期待的一年,开始了! news
144204 INFO:     http://www.baidu.com/link?url=iBiUMj4CVRKRTmtshO3eCMWLAVsxJhUNzEJC3UuaLWHTFY7dBBusFyz17Ox5RNYL6aEoTOL9j1nthyNEQjwWZa 网易 百度快照  news
144204 INFO: news
144204 INFO: 3小时前 新新公路即将开通,将能有效改善增城中南部的交通环境,有利于新塘、中新、永宁居民的出行。 2022,广州大爆发,一大波利好来袭,你有没有收到大礼包? 充满期待的一年,开始了! 举报/反馈 作者最... news
144204 INFO:     http://www.baidu.com/link?url=fZEEC5QkO9LCA-BPSxVSG1Cu3akxU5FjYBMFxbgfOTrCn8t67RImjXe7w-lSya9X6kBrcUw93o9tTWWEg26Y_JqrsbV6Edb5LLhgJ02JyK3 <div class="c-img c- 百度快照  news
144204 INFO: news
144204 INFO: 增城:27个项目 广州一直以来的供货大仓——增城今年继续发力,27个项目来袭,新塘是主角,担下8个项目。 另外,朱村、永宁、荔湖新城待入市的楼盘也不少,远郊区明年价格战会不会... news
144204 INFO:     http://www.baidu.com/link?url=LsNMG8eG6-ltqdTHQCmt-8rXjYgFm7-CaIaoaTDJdXLLBr3jlj0KLM_FM86v2Dgn4UoHWHYuBplGhCz8HaBVU_ 吐血整理!2022年120+项目入市,南 搜狐网  news
144204 INFO: news
144330 INFO: 2小时前 而据不完全统计,2022年,增城或将有27盘上线。 据中原研究所示,中新、朱村板块地铁盘周边楼盘吃香;荔城板块货量充足,价格稳定。 永宁板块多盘竞争,以价格战吸客几率大;... news
144330 INFO:     http://www.baidu.com/link?url=PJpuoT0G8sEFdyk4x-0TUGVwC6gAnqYmW2WqEpb5vzIMg2cyZve_Oi3w4Lsljwpa 房小胖八卦热聊2022年适不适合刚需买房 <div class="c-img c-  news
144330 INFO: news
144330 INFO: news end | 增城 永宁
144522 INFO: 4小时前 来源:锡场镇人民政府 发布时间:2022-01-04 10:01 浏览次数:- 【字体:大 中 小】 分享到: 揭东区锡场镇农村集体资产资源交易中心受揭东区锡场镇锡东第三经济合作社的委... news
144522 INFO:     http://www.baidu.com/link?url=dvG25fFa8dRXGSOFOp43JEoq5aiOIuKJZHGdLJlVSma_jmN-1SdWsYQFx5EiVBL0EVqsWgo1v2iCFyxFY-4yNgLNNGpX-XIvmMdA2XfKBIC 揭东区 www.jiedong.gov.cn/z  news
144522 INFO: news
144522 INFO: 4小时前 揭东区锡场镇农村集体资产资源交易中心受揭东区锡场镇锡东第三经济合作社的委托,定于2022年1月12日星期三上午9时30分在揭东区锡场镇农村集体资产资源交易中心对锡东第... news
144522 INFO:     http://www.baidu.com/link?url=xjFBvFme5Ku_hz7YX2t72rvKUjH7eD0GU6m5dZHkMaNyR_t7VK73cxRc8z9n9Yahsc469BHWYPM9eauFrQxwJlg6UQuEhlZWMSFGuxKFK2nrzk0CVNavHp4BzDIgIK6G 揭阳市揭东区 www.jiedong.gov.cn/z  news
144522 INFO: news
145414 INFO: news end | 锡场
145517 INFO: 5小时前 市党代表、揭东区新亨镇党委副书记张跃青说:“作为一名基层党员干部,我将加强政治学习,提升群众工作科学化水平,充分发挥基层党组织‘上接党心、下连民心’的桥梁纽带作用,把工作做到群众需... news
145517 INFO:     http://www.baidu.com/link?url=uPe9h4Elr53ATKWXLERuBLNGyyC6x44VIETDuRG5Khw-PHhMn8C_TaNxZ5ZBfdHKKfw4o6lVR-PxYVDF7c6aka 网易新闻 百度快照  news
145517 INFO: news
145517 INFO: 1天内 招标项目名称: 汕昆高速公路揭阳新亨至梅州畲江段及梅汕高速公路梅州程江至畲江段改扩建工程勘察设计  标段(包)名称: 汕昆高速公路揭阳新亨至梅州畲江段及梅汕高速公路... news
145517 INFO:     http://www.baidu.com/link?url=v55_xBdGkrSuRCnN58R-tmozqlT8fJPDwL-FBiCypgubjgk5yPcejhFPI80j4gTQx_3j4hS31kvSMRhavcDOejh6IjH1K-Lxzly5buIOmf7 汕昆高速公路揭阳 www.chinamae.com/pur  news
145517 INFO: news
145517 INFO: 1天内 [招标公告] 汕昆高速公路揭阳新亨至梅州畲江段及梅汕高速公路梅州程江至畲江段改扩建工程勘察设计SJ... 2022-01-04  [招标公告] [企]常温输送带 2022-01-04  [招标公告]... news
145517 INFO:     http://www.baidu.com/link?url=S9LX_I_8eNbIyFaSREBfEi9sTLxAgrLUv3WzEHrlDr7eLUZDV8Y5CMBmWhdv66xWcywqXv6xa3GEM7yomUUQ2a 印制大气污染防治宣传资料-梅州招标网 meizhou.okcis.cn/dnw  news
145517 INFO: news
150357 INFO: news end | 新亨
150949 INFO: 1天内 番禺:番禺广场、大石、大學城、金山谷、南站、祈福、石碁,夏窖、万博、钟村;海珠:沥滘、客村、琶洲、沙园、万胜围、晓港、新港西、官洲、广州塔、江南西、东晓南、赤岗... news
150949 INFO:     http://www.baidu.com/link?url=y_8NaQ1GvZtqAAerMTBMhBgIFhll8nBBr8TaBdg67WESUp9OqrK7WwOcuB4unod2GudAxnPFhkf8J15EqYMEF_ 和丰大厦写字楼出售,各付各税 可交吉 海 gz.office.fang.com/s  news
150949 INFO: news
151815 INFO: 1天前 祈福黄金海岸  南站万科中心  东湖洲花园  新鸿基御华园  越秀天悦金沙  振业天成  招商保利海珠天珺  中海清澜水境  时代印记  融创翔龙广府一号  保利桃花源  奥园恒... news
151815 INFO:     http://www.baidu.com/link?url=pSmBmG9n7VcGMl1Q0JYM2_QZVi8dC2YPsGQJ1T2f6Izs_pnU12y9pK2gbayZEiic 「佳兆业壹号什么时候开盘?佳兆业壹号交房 gz.fccs.com/news/649  news
151815 INFO: news
151815 INFO: news end | 番禺 祈福
152232 INFO: 1天内 荆门祈福新村二期,参考均价: 待定 ,楼盘地址位于掇刀南京路东侧,更多祈福新村二期交通区位、祈福新村二期户型图、配套等楼盘信息,请关注荆门祈福新村二期楼盘。 楼盘信... news
152232 INFO:     http://www.baidu.com/link?url=VzOcaWJNFZCyZAcG29oHbY5gKkhdp_jo7Nrd_rOGvZWCLZ3VJTvQOpXrf8bbcInJq-YHSxZPhdM3f2_UL746qq <em>祈福新村</em> www.jmfc.com.cn/loup  news
152232 INFO: news
152232 INFO: 5小时前 香江集团开发的广州知名豪华楼盘翡翠绿洲和锦绣香江,均是千亩大盘,和祈福新村、碧桂园等“千亩大盘”并称“华南八大金刚”。 两个楼盘一经推出随即大卖,自此让刘志强夫妻二人的财富实现了... news
152232 INFO:     http://www.baidu.com/link?url=Lk48v6Mm3ZHsWfHZVRX12Ue0lTH9p1GHSe6WSdjg5herQdQYaQznzsoHX0EKGgZTfOreyGb33B_VdPEwh0Gh6K 腾讯网 百度快照  news
152232 INFO: news
152232 INFO: 5小时前 香江集团开发的广州知名豪华楼盘翡翠绿洲和锦绣香江,均是千亩大盘,和祈福新村、碧桂园等“千亩大盘”并称“华南八大金刚”。 两个楼盘一经推出随即大卖,自此让刘志强... news
152232 INFO:     http://www.baidu.com/link?url=VETzQW3PVE0PpeCLejknRTK9QpQBNBWQSrDNAjl-H35_5HVbqYfuH5ISS-AZvpMS8hv02c5KC1GCd0f_eps3WA2xh39NnxHaug0uXb18OgW 深圳神秘富豪,卖家具起家,开2千家门店, 腾讯网  news
152232 INFO: news
152232 INFO: news end | 祈福新村
153131 ERROR: 祈福新邨 0 ps error != 1: [] try: 3
153131 INFO: news end | 祈福新邨
153429 INFO: 1天内 地址: 广东省-广州市-南沙区黄阁镇吉祥路1号 联系方式:*** 供应商(乙方):广东铭太信息科技有限公司 地址:元岗路310号自编6栋E601、E602、E603单元(仅限办公) 联系方式:*... news
153429 INFO:     http://www.baidu.com/link?url=wgSEul4H4dltr9E4oErW8Z3oLkXHYcdbGchpi1hBqXnTfoP75XsUkFRzrhiw3f-oQKMFshTZvOvvyF9ab-MLDUbm1LYC-JxOp6oIuVrl35a 广州市 www.chinamae.com/pur  news
153429 INFO: news
153429 INFO: 1天内 12月30日,伴随着象征LNG(液化天然气)船舶起航的汽笛声响起,位于南沙区黄阁镇的广州LNG应急调峰气源站项目配套码头工程正式开工,将建设1个LNG泊位码头,码头岸线长度330米... news
153429 INFO:     http://www.baidu.com/link?url=KB8r1XSKwtNU_A-1916iyPGCxRKAFbNk6hTk-EtfPeowEcn82Tj5BW1AwmI-9mo7lcQGJF43crUHEB9no18yq-wQrZKuKUo_7AsK3VZvT-vqVP7AUzpCCo7rs3iHQK7tpCFUoqnvcad4ihWN2rprqq 行业资讯 www.greatgas.cn/new/  news
153429 INFO: news
153429 INFO: 1天前 其中,南沙黄阁板块、从化温泉镇板块,是由于板块内高价房源网签,拉高了整体的成交均价。 整体来看,中心区84%的板块房价都在上涨。 而外围五区,整体也在上涨,只是涨幅相对... news
153429 INFO:     http://www.baidu.com/link?url=zM2EEbPKTWZEeNVIGmF_6Otodzvi8t_n9Yp9Tt5_b_SL1tALGMWnOOqrDssBaB01 2021年,广州整体价格,还是涨了!!_ zgdwq.kmyfc.cn/news/  news
153429 INFO: news
153429 INFO: 1天前 其他:4地铁:地铁4号线、15号线(规划)、18号线延珠海线(在建)、22号线延深圳线(在建) 5铁路:广中珠澳高铁(规划)——(南沙黄阁站)、赣深高铁南沙支线(规划)——(万顷沙站)、深茂铁路深圳至江门... news
153429 INFO:     http://www.baidu.com/link?url=go67zghkjMn2CMSCNv_RPsE2Ra8gY1a-7ucnTWWFZTLqExBqw0m35fho3hcNlzqyzJ3VN7Jv4J85HX3jqGMtba 搜狐网 百度快照  news
153429 INFO: news
153429 INFO: 13小时前 南沙体育馆升级改造工程已完成,南沙区少年宫按上级要求拟全面复课,根据招生工作安排,我宫拟于2月25日开始进行2019年春季班招生工作,请家长们登录南沙区少年宫网站([U... news
153429 INFO:     http://www.baidu.com/link?url=ELr314NcsKEhzGsAisWYu3YD5ySN3l24xYQt1d4Ixf97nUHhsex0Q49flqNjrcmh <em>南沙</em> www.jxdkq.com/zqfb/1  news
153429 INFO: news
153836 INFO: news end | 南沙 黄阁
154713 INFO: 1天前 番禺区里仁洞村取消番禺大道(里仁洞段)综合提升工程,重新核算融资地块建设量;南沙区亭角村转移部分建设量,调整建筑形态,降低滨水一线建筑高度; 规划效果示意图 近处为里... news
154713 INFO:     http://www.baidu.com/link?url=GHDt4rzPzN1qE_MPOdJ_2FLsYwfAnlE9kvb3uTtRUwBHwj18nIBZVoHeC3Si5uml 广州旧改全面核查报告!15个项目需调整! zgdwq.kmyfc.cn/news/  news
154713 INFO: news
154713 INFO: 1天前 深高铁南沙支线(规划)——(万顷沙站)、深茂铁路深圳至江门段(规划)——(万顷沙站)、南沙港铁路(在建)——(万顷沙设站)、肇顺南城轨——(横沥站) 8大桥:明珠湾大桥、港珠澳大桥、虎门大桥、南... news
154713 INFO:     http://www.baidu.com/link?url=Lal5wX8Fxs0PGZ6WO2htaQLHQU2zl_4w17z2qneU4fqT2KuET-gdhb8soFq6n8fptq-qCaCHjEf4CBgsntN_-K 搜狐网 百度快照  news
154713 INFO: news
154713 INFO: 去年10月26日,南沙区土地推介会举行,推介17宗土地,其中宅地9宗。 在去年第三次集中供地已经出让4宗,目前剩下亭角地块3宗、横沥地铁站西侧地块、珠江街义涌西侧地块。 在湾区... news
154713 INFO:     http://www.baidu.com/link?url=2ZuBcSZyDlyndt_P8wVoLenNcoNUC36ZJSen4wNSvcwb1Bh4AwW1XWm7MZb6GxzPBuOGvE9gqxD7Gc4iq9XLcq 吐血整理!2022年120+项目入市, 搜狐网  news
154713 INFO: news
154713 INFO: news end | 南沙 亭角
154901 INFO: 16小时前 据俄新社报道,当地时间2022年1月3日,位于俄罗斯远东马加丹州的一辆公交车内,10名乘客因一氧化碳中毒被紧急送医。 据介绍,该公交车从马加丹州乌斯季-奥姆丘克村开往该... news
154901 INFO:     http://www.baidu.com/link?url=txser9w1LXayh2EIrI5gAR6ZXB_dD0VFqLQjXUE3AqLLMv0XfEYLPNz316jwvYmY96G84pP50q2Nul8MIpwoZ55kEfgpgLTLGmbe5WAHIzy 俄罗斯马加丹州一公交车内10名乘客一氧化 大洋网  news
154901 INFO: news
154901 INFO: 3小时前 根据上级最新通知,6月7日运营时间起,一号线西塱站、坑口站、花地湾站、芳村站,广佛线龙溪站、西塱站、沙涌站,五号线滘口站调整为停止对外运营服务;广佛线鹤洞站、菊树... news
154901 INFO:     http://www.baidu.com/link?url=sFw6VEoOGUlyMj8tipnuGwGGzVi11qnrESlfHvPLXmyWpXzE8uIgFQHsn_x1ejFBDA-uFG35ze870yReJRM1lq 广佛14 www.zhou1000.com/pos  news
154901 INFO: news
154901 INFO: 1天前 ①坐广州地铁四号线到蕉门站B出口下车,再转乘南2路或者G1路车,在百万葵园站下车即可。 ②K2专线:海珠客运站(广州地铁2号线/广佛线南洲站C1出口)坐南沙K2路,全程1小时高速抵达终点站万顷沙(珠... news
154901 INFO:     http://www.baidu.com/link?url=ooh4Md8tjuJXo3ttSCct5zTCOv4pgrIct8wxq-cvX8RKmbFJVXNqOHSXdBZ9mnKcJOkBe04dD5X54MLdTmaqfa 搜狐网 百度快照  news
154901 INFO: news
154901 INFO: 1天前 项目周边路网密集,包括并不限于地铁15号线(规划)、18号线(在建)、22号线(规划)、南沙港快速、广澳高速、明珠湾大桥(在建)、广深港高速铁路。 项目介绍 柳岸晓风由越秀、中交、绿城联袂打造,... news
154901 INFO:     http://www.baidu.com/link?url=RV84584nauXwCUNiaa4cODUBIPExb-js7dEmuc9mnDy-_uy9EN3hNYDV8J9mFtBnCFfyza8fPE8L3K0WUZdd2K 搜狐网 百度快照  news
154901 INFO: news
154901 INFO: 4小时前 肇顺南城际+中南虎城际,是塘厦-南沙-顺德-高明-端州新轴线:湾区横轴,打通赣深高铁、广深城际、东莞2号线、穗莞深城际、广深港高铁、广珠澳高铁、广州18号线、深茂铁路... news
154901 INFO:     http://www.baidu.com/link?url=LOazTyw4R67NF1p1uHvArLfn4M2_xbenh7pkcSmyW2bOPoDYJnd0wvzdxYIsWGjk6QD09_RvEV3DkPjJVNCv-q 重磅!广东自贸区五年规划出炉!涉及前海、 腾讯网  news
154901 INFO: news
154901 INFO: 5小时前 据了解,在南沙区商务局、贸促会、南沙海关的协作推进下,RCEP生效当天,广州南沙区共有3家外贸企业获签原产地证书,广州科语机器人有限公司、广州傲群刷业科技有限公司也在当天获得RCEP优惠原... news
154901 INFO:     http://www.baidu.com/link?url=Ptx2ckKnRg5dki5sntl1ypcvc0qgwmCmft4Sb6Lt8a50Amtzb85Pit8XLKM9RqVU0Gri2A-yQ-hcMLQr4ot-ya 腾讯网 百度快照  news
154901 INFO: news
154901 INFO: 5小时前 （繁忙的南沙进出口贸易港-广州港南沙港区）据统计，截止2021年11月底，南沙外贸进出口总值2360.5亿元，同比增长15.9%，占同期广州市外贸总值的近四分之一，其中进口9... news
154901 INFO:     http://www.baidu.com/link?url=a7o05WmC86TQNvcFkUzE6S9S7y4zGOiCTSO7sY1suaVDVHJ3FIJcXe43R3HIzWmUHN1od1IydFI48chR_mQwPqCOJU5kSl6elwRYqEZfaCC 广州 <div class="c-img c-  news
154901 INFO: news
154901 INFO: 2小时前 四是充分利用RCEP关税优惠政策以及原产地规则,发挥南沙国家级新区叠加自贸区、粤港澳全面合作示范区和广州唯一城市副中心“三区一中心”政策和区位优势,推动南沙与RCEP成员国之间双向投资... news
154901 INFO:     http://www.baidu.com/link?url=xF6iQiK5P-fCJQ8h7QfJhli5pv8wfcJT5Q3gf2lgnD5dOJ0qfo-FrhK0UwKxDpfrb9F7lUo6NmV1pLqVKARV6a view.inews.qq.com/a/ 百度快照  news
154901 INFO: news
155302 INFO: 2小时前 据统计，截至2021年11月底，南沙外贸进出口总值2360.5亿元，同比增长15.9％，占同期广州市外贸总值的近四分之一，其中进口990.5亿元，增长12.4％；出口1370亿元，增长18.6％，出口商品以机... news
155302 INFO:     http://www.baidu.com/link?url=MwPBno-2xG79nZlYqYBXK-o8RJIir6Rj7wYk87QHsOT0DaPWZyHjimMU_6EJM9mDcJS2fGVQDtQoEE1Ft_HURBtEY6rkHecKT6i-EMMnFui <div class="c-img c- 百度快照  news
155302 INFO: news
155302 INFO: 5小时前 据了解,在南沙区商务局、贸促会、南沙海关的协作推进下,RCEP生效当天,广州南沙区共有3家外贸企业获签原产地证书,广州科语机器人有限公司、广州傲群刷业科技有限公司也... news
155302 INFO:     http://www.baidu.com/link?url=LqONAF5U7eOckBChjS5ICx_dA34kfxhMpn_NaIMPYPhF_XxlNRBDZGDl-UBqu3jhvEfYqA_cW5j3NmdQ1XbIQq 广州 网易  news
155302 INFO: news
155302 INFO: 5小时前 中国网广州1月3日讯2021年12月31日,伴随着一声嘹亮的火车汽笛,两列满载着粮食、木材、钢材等货物的首发列车从南沙港铁路南沙港站缓缓驶出,发往湖南、江西、重庆等内陆... news
155302 INFO:     http://www.baidu.com/link?url=BZr1J74CKKliNp-LWYEV0IrknLV-jS9VXV-3xEGqahkY-50eFZlKe3Cl5eiY1u6xv02KS8tqhfKhbcN9guWRaMgdo4GzFxHmUiA2Er38-6q 广州 gba.china.com.cn/202  news
155302 INFO: news
155302 INFO: 4小时前 54个重大项目正在建设,知识塔、生物塔、文化塔、澳门……各地标建筑逐渐勾勒环九龙湖靓丽天际线。 知识城环九龙湖一带效果图 南沙横沥岛建设,迎来重大节点。 大湾区建设的标志工程——国际... news
155302 INFO:     http://www.baidu.com/link?url=W2145PH-5vQOqG01wwrexVaSeRfGTYoM1ocxah228qoRLOpZptBYmNV5pizbO6Jo3mJm6kzyw2_v0habFNjsIq 网易 百度快照  news
155302 INFO: news
155302 INFO: 5小时前 随着《区域全面经济伙伴关系协定》(RCEP)这一全球参与人口最多、规模最大的自由贸易协定正式落地实施,作为大湾区开放创新高地的广州南沙,以RCEP生效为契机,多措并举致... news
155302 INFO:     http://www.baidu.com/link?url=4npRc7L7kYd7pZgoMfyhskVQcfyJgHUHqCO1YdPTH_fBUT4bkUGF8any349gUL6UpYwWIGY1XOw4M0Yyn3NMUq 广州 腾讯网  news
155302 INFO: news
155302 INFO: 2小时前 在南沙区商务局、贸促会、南沙海关的协作推进下,RCEP生效当天,广州南沙区共有3家外贸企业获签原产地证书,广州科语机器人有限公司、广州傲群刷业科技有限公司也在当天获得RCEP优惠原产地证... news
155302 INFO:     http://www.baidu.com/link?url=V3XjRzifgSVzhRmUVntzCeW_vQuHQDrf83D4skZjHvr6cUP-2UVWfDmAkz0rkwiMcd5rqbFFHTuI6uy4LAgTKK 网易新闻 百度快照  news
155302 INFO: news
155302 INFO: 5小时前 雅居乐民森迪茵湖小镇项目地处粤港澳大湾区和广东三大自贸区“双中心”,紧邻南沙,广澳高速三角出口旁。 项目占地3500亩,配套有千亩迪茵湖、200亩田家舍生态农场、希尔顿五星级酒店、民森信... news
155302 INFO:     http://www.baidu.com/link?url=KgaYbloMTYPSEsFDxSgbmQaZln08j9-tY8qW_HgPHiC_szg_31zm4bLbvxwMAiarv4wpc4NBSLjmXWi_c_LTd_ 搜狐网 百度快照  news
155302 INFO: news
155302 INFO: 4小时前 5、南沙至珠海中山城际(广州地铁18号线南延线)是广州地铁干线,92公里联系三市,全线投资估算609.29亿元,拟设22个站,Y型布局。其中珠海段投资213.52亿元(其中工程款141... news
155302 INFO:     http://www.baidu.com/link?url=LteUbyMJ1EHA_mXTZo0v6u2_TazVdsEMcrSdSKviYaMayTmMAWRnR0kKPg8ZwX8Y108vL7adb8b0M2uckcuepq 重磅!广东自贸区五年规划出炉!涉及前海、 view.inews.qq.com/a/  news
155302 INFO: news
155302 INFO: 4小时前 线上申、免费办! 为帮助南沙自贸区企业抢抓RCEP新机遇,广州市贸促会会同南沙区,对区内企业进行摸查,提前做好企业信息登记、产品备案、产地证申请等准备工作,在1月1日凌晨系统开通时,即刻为... news
155302 INFO:     http://www.baidu.com/link?url=nlmknIlLAzklmhJBlN7iLG3DpMFSrqh-u32HF-QZnHr1h2EbVv8uu7VcQKr0o8vlAxXlMZmwX7qUjaFL0dKAwK 网易新闻 百度快照  news
155302 INFO: news
155302 INFO: 1天内 据了解,在南沙区商务局、贸促会、南沙海关的协作推进下,RCEP生效当天,广州南沙区共有3家外贸企业获签原产地证书,广州科语机器人有限公司、广州傲群刷业科技有限公司也在... news
155302 INFO:     http://www.baidu.com/link?url=HEA_mo9hpFfP8YqyIDkWeTmoy_AIZSMw_kwLTnUKzTesZz2InMU57lI9IsADS27jbsKPFttl7n8oQ8pnc_UxAK 广州 view.inews.qq.com/a/  news
155302 INFO: news
155302 INFO: 1天前 2021年12月31日,伴随着一声嘹亮的火车汽笛,两列满载着粮食、木材、钢材等货物的首发列车从南沙港铁路南沙港站缓缓驶出,发往湖南、江西、重庆等内陆地区,标志着南沙港铁... news
155302 INFO:     http://www.baidu.com/link?url=BVFqJyRTMzPbduGWFWz5NrreDOjmAV587-6vofgdbWJSDQqhbr3iQ-xQirLdNlBuWM3BTk8pPzCyXTfPzQ-06K <em>南沙</em> jiangxiwuliu.com/htm  news
155302 INFO: news
155302 INFO: 5小时前 2022欢迎访问##佛山直达广州市南沙区货运专线##2021欢迎您 数字建工监控中心以数据共享与信息应用为基础,积极助力大数据建设,并为推动实现大数据提供支持。公司立足区... news
155302 INFO:     http://www.baidu.com/link?url=DIjzMWFpu1EQ7i4QtNNyVwpbPeHwi4lDsi271H6aRje5FF3xyuF-iLO0wzr7ZJ5Kw5d_-I7tMl--8UXMi5X2X_ 2022欢迎访问##佛山直达广州市 shipin.gbs.cn/cnews/  news
155302 INFO: news
155302 INFO: 吹风3.4万/㎡!南沙湾珠江10年海景盘老树发新芽,能买? 横沥岛首个中式!建发明珠湾玺明日露面!对打葛洲坝、旭辉、美的! 增城:27个项目 广州一直以来的供货大仓——增城今年继续发力,27个项目来袭,新... news
155302 INFO:     http://www.baidu.com/link?url=dAzIDDu-ilzkf_HCHG9h0bBVA82tV61ulshRdaZ1f32N_-FfQmd7j97fAv8r9FYEnDif0YcdrxFxGl9PthNKfK 搜狐网 百度快照  news
155302 INFO: news
155302 INFO: 6小时前 2022年120+项目入市,南沙、增城、白云成供货主力! 一番操作后,广州土拍市场打破了常态,一拍火爆,二衰势,三拍彻底冷静,结局留下给人凉透的感觉。 其实,去年广州土拍市... news
155302 INFO:     http://www.baidu.com/link?url=WBBRZ9SDydNkS49Uv_QUs8lCGpz5_zBZFcToqu4c6P58S0kkf5gx1CtzbtxnuDhT 吐血整理!2022年120+项目入市, <div class="c-img c-  news
155302 INFO: news
160208 INFO: 1天内 会上,南沙港铁路2标项目负责人汇报劳动竞赛开展情况;参会领导宣读表彰文件,为劳动竞赛中表现突出的先进集体和优秀个人颁发广东省“五一劳动奖章”“五一劳动奖状”、集... news
160208 INFO:     http://www.baidu.com/link?url=_UaGyPU-GWxuqXMfBEn4MZKIFy4LABZJZmcCkG0NpYdS2ntjNiFlq4gOweLN0Fbkp6FN3qqhcvK6qIpAzUlB4M7wzTX4lxwTs8LSIS8byRi ...集团公司参建 www.zt25j.com/art/20  news
160208 INFO: news
160208 INFO: 1天前 54个重大项目正在建设,知识塔、生物塔、文化塔、澳门……各地标建筑逐渐勾勒环九龙湖靓丽天际线。 知识城环九龙湖一带效果图 南沙横沥岛建设,迎来重大节点。 大湾区建设... news
160208 INFO:     http://www.baidu.com/link?url=ZWXtOe7KkAYTW8qGMpvoMgbv5mhDkNzkGNX2amDFl8JO54jWjzZTYQV1n7KDN7R9 黄埔鱼珠站建设逐渐浮出水面,广州交通格局 zgdwq.kmyfc.cn/news/  news
160208 INFO: news
160208 INFO: 2小时前 纵观马鞍岛的交通路网,主要以深中通道为主而展开,项目不仅靠近深中通道,而且周边还坐拥广珠城轨、广澳高速、京珠高速、港珠澳大桥等多条交通要道,可以轻松到达广深珠澳等周边城市;另外还有... news
160208 INFO:     http://www.baidu.com/link?url=BXnMNd4uyY73Qo1emmHlNMexh1lEPCq_L1zgTpJi6UQUgdfQFx_Q1ELI1aEDy4R_1lIRugaL96h9Rq0fbKdW5a 搜狐网 百度快照  news
160208 INFO: news
160208 INFO: news end | 南沙 四号 线
160333 INFO: 1天前 [导读]碧桂园云顶位置在哪里?碧桂园云顶户型怎么样?碧桂园云顶区域所属为北城区,楼盘位置在运城市中路以东,临晋街以南,机场大道以北,碧桂园云顶户型为暂未公布。 运城碧... news
160333 INFO:     http://www.baidu.com/link?url=4Mxvhm9w9Qt9kHuZnjBr2-lmX1UqECa8Z7_GON99og6SmcLxIsUqZbKc5fmNXh0UStnezlFSbeCPs_PoKjK8sq 「 yuncheng.fccs.com/ne  news
160333 INFO: news
160333 INFO: 4小时前 乐居买房讯1月4日,据贵阳市住房和城乡建设局统计(12月1日-12月31),贵阳市8个项目符合商品房交付备案条件。 分别位于白云区、花溪区、高新区、清镇市。其中,白云区符合... news
160333 INFO:     http://www.baidu.com/link?url=M4bN4hz_tpM56vzjRIZnWy2HdrFGZ0OrmPwfGWNl8Z1TnyRZox4d-QdeCj-ExcnmPItdjKAebrfh68vmdE2Z6_ 12月贵阳周边区域交付备案榜 4个区,8 网易  news
160333 INFO: news
160333 INFO: 其中,白云区符合商品房交付备案条件的项目有2个:优品新城、碧桂园·云顶壹品;花溪区有3个:亨特碧桂园·云涧溪山、万科·花溪大都会、碧桂园印象花溪;高新区有高科玫瑰园;清镇... news
160333 INFO:     http://www.baidu.com/link?url=57aywD0Q6WTnl7XKbIHuE8b-omKc3ap2x5EsTpVbV6ADOIluLAIbacRf6dHsTAIS0ALygW1OYMw3SEzZDeCTLK 12月贵阳周边区项目交付备案榜 | 4个 搜狐网  news
160333 INFO: news
160333 INFO: 1天内 1、京山碧桂园云顶项目获得国家级AAA安全文明示范工地; 2、襄阳市图书馆建设工程获得国家优质工程奖; 二、获得湖北省建设优质工程(楚天杯)的项目5个,分别是:1、襄阳市图... news
160333 INFO:     http://www.baidu.com/link?url=LLZ9O0qik5oz3tjHsNsF8z_yHiofEMB27VIUrTcdo113PCn6G2yxaXAmagD5ab9hXljuylHOQgNdHYpqpkQ6jUY8V9HU2WWMImedwfiAjau 喜报|回首2021,再战2022!_公司 www.hbhuazhenzixun.c  news
160333 INFO: news
160333 INFO: 1天前 以上就是“运城碧桂园云顶怎么样?碧桂园云顶什么时候开盘?”全文介绍,想了解更多碧桂园云顶优惠政策、活动、房价、户型、配套等信息,可拨打下方免费400电话,直接联系碧... news
160333 INFO:     http://www.baidu.com/link?url=1U_I3xeG5lZGkckbiOr3UFxhMZugdOGrck10Vs1NfVSYg2isgr6v6D-l4AqlH3niSa8DHr-8175aFEO8PU-pwK 「 yuncheng.fccs.com/ne  news
160333 INFO: news
160333 INFO: 1天前 运城碧桂园云顶交房时间是什么时候?交房时间:1900年01月01日,信息仅供参考,准确交房时间建议联系售楼部的置业管家。 碧桂园云顶物业公司是哪家? 运城碧桂园云顶物业公司... news
160333 INFO:     http://www.baidu.com/link?url=CM1gJxF46Z0hl1AAbipZfYhlmMhqYMxPCjJCuj3xrWXTFB-tz0YFA6rIFiTmGXE3OnZ9HW8oN4BAtoxPuWja4K 「 yuncheng.fccs.com/ne  news
160333 INFO: news
160504 INFO: 4小时前 近日,兰山区人民检察院依法对由临沂市公安局兰山分局侦查的郑某某容留卖淫案提起公诉,该案正在进一步办理中。来源:渭南市人民检察院 news
160504 INFO:     http://www.baidu.com/link?url=mvBmk1mDpoH0Iz9hbmLV7zztP6_j_7J-qr_4Xp5C93mzc0quLdfXuQmw5U8v0sz_XScSwIdSgHbf9bbYwSpp3maaOF5I88TaJNvnnuluSSW k.sina.com.cn/articl 百度快照  news
160504 INFO: news
160504 INFO: 碧桂园澳邻park售楼处24H实时更新房源房价,珠海一线海景房,别墅洋房实时房价抢先看,提供珠海机场24小时接送机服务,1小时内免费专车送达售楼处,全程免费! news
160504 INFO:     http://www.baidu.com/baidu.php?url=0s0000aPch_Smgbn9i3tH3ddcTKIxtsD8oiQQU3srEQqZbLJFRdmaSU0GiV-ToEuImTJvGPuRwFm3L3xQ_XHiF8WtVsZnEfC3NcUSuOeqO_sgVYK4aEsEyjjlGJB1gyiZQ3bzyj_9laAwzRFHtiqFPnwOP9b7--f46Bil5kmJgVvMp_vnzr_h8HHFA-9KzX7Ce8hkGCXsM2-z-oKXoxGSzguKvO_.7D_iTPg-GiOQ6WCc63p_7HQerhaBeKWuB4mlMTAxWvyIMZMOYQvTyj-YGx-swY2tMQJ84XAo-CvNJN9h9merh8kf.U1Yk0ZDq_Tz4tPisFHcsdnpvGfKspynqn0KsTv-MUWYdmWP-PHN9uHTvryPBmHmznAw9PW9-Pvf3njnYrj04r0KY5UZn8xjR_QjDsIGsmgFo0A-V5HczPsKM5gK1IZc0Iybqmh7GuZR0TA-b5Hf0mv-b5H6Y0AdY5H6dn1FxnH0kPdtznjmzg1csPH7xnH0krNt1PW0kg1bkP160pvbqn0KzIjYVnfKBpHYkPH9xnW0Yg1RsnsKVm1Y1n104n163nWmvg1D4nHbknjDsn17xnWRsnH0vPHfvnjNxnW0dnNtknjD4g1Kxn0KkTA-b5H00TyPGujYs0ZFMIA7M5H00mycqn7ts0ANzu1Ys0ZKs5H00UMus5H08nj0snj0snj00Ugws5H00uAwETjYk0ZFJ5H00uANv5gKW0AuY5H00TA6qn0KET1Ys0AFL5HDs0A4Y5H00TLCq0A71gv-bm1dsTzdMXh410A-bm1dcHbD0TA9YXHY0IA7zuvNY5Hnkg1nkP7tkrfKYIgnqPjRYn16kP1nsnj04nHTzPWfvPsKzug7Y5HDvPjDzrjndnjcdPHf0Tv-b5ywhn10knADYnj0snjKhPyn0mLPV5RNjfH0YfH0LfH9KwWKAnRf0mynqnfKsUWYk0Z7VIjYs0Z7VT1Ys0Aw-I7qWTADqn0KlIjYs0AdWgvuzUvYqn7tsg1Kxn7tsg1Kxn0Kbmy4dmhNxTAk9Uh-bT1Ysg1Kxn7tsg1Kxn7ts0ZK9I7qhUA7M5H00uAPGujYs0ANYpyfqQHD0mgPsmvnqn0KdTA-8mvnqn0KkUymqn0KhmLNY5H00pgPWUjYs0A7buhk9u1Yk0Akhm1Ys0AwWmvfq0Zwzmyw-5H00mhwGujY0UvnqnfKBIjY10Aq9IZTqn0KEIjYk0AqzTZfqnBnsc1nenHTWnH0snanknjT4P1mknW0kc1ndnj0sc1ndnj0sQW0snj0snankc1cenznsc1D3r1nsc108nj0snj0sc1D8nj0snH0s0Z91IZRqn1n3nHRdPH60TNqv5H08n1Fxna3sn7tsQW0sg108njKxna3sP-tsQWb3g108nj-xn0KBTdqsThqbpyfqn0KzUv-hUA7M5Hn0mLmq0A-1gvPsmHYs0APs5H00ugPY5H00mLFW5Hc1Pj63&us=newvui&xst=T1YkPW03nWnLnWRvPHbsnjTzPWDsr7tznWIxn07L5UZn8xjR_QjDsIGsmgFo0gDq_Tz4tPiscPHAVJRKIHY1n16kPHRdr07Y5HDvPjDzrjndnjcKUgDqn0cs0BYKmv6quhPxTAnKUZRqn07WUWdBmy-bIfD1n1f4rHD1PjRs&cegduid=n1n3nHRdPH6&solutionId=12518185&word= <div class="ec_desc"  news
160504 INFO: news
160504 INFO: 中山碧桂园凤凰城,建面105-119㎡住宅在售,均价11999元/㎡,配套成熟,投资自住皆宜.中山碧桂园凤凰城,低单价低总价,核心地段,交通便捷,低密宜居,详情可来电咨询 news
160504 INFO:     http://www.baidu.com/baidu.php?url=0s0000aPch_Smgbn9HxOsryHIXqc7BjvvoWL9dQorRgVoXxgF9rT8ZezAUDpZOQNff2-kI7FEATz16b_tVD3uzIeQOa6BdhIlUfm1pzSXExNkptpIlRMq1EamRgjNCs3mWUe2BkBDrABAqD6MiuvgX2Ad7vQK6Rh8NCgiZn1BDJJnSr3yE_8droFsFQI5YRtbFB8XUW6WIGev_PimrYht6k-Zwtp.DD_NR2Ar5Od663mOQHflPUruDamljPK5zHfuxweGWCnYDOX4B8z1Iu3vImphmCbYyQvTyj5OwOOtT5Mvmxgu9qEzsSXejld3xyEj4SrZv4n5VtT5MY3xUg9vun5M8seOgjex-9tqvZu33xUvmx5I9vXrZd_sSXejES8Zu4JN9h9mzUVv4f.U1Yz0ZDq_Tz4tPisFHcsdnpvGfKspynqnfKY5IUfzUvk1QMsdQaLeeEQ_tT0pyYqnWcL0ATqTZPYT6KdpHdBmy-bIfKspyfqP0KWpyfqrjf0UgfqnH0kPdtznjRkg1DsnH-xn1msnNt4nHT30AVG5H00TMfqQHD0mhbqnHR3g1csP7tdnjn0UynqnHbkrjT3n1b3P7tznjRkg1DsnH-xn7ts0Z7spyfqn0Kkmv-b5H00ThIYmyTqn0K9mWYsg100ugFM5H00TZ0qn0K8IM0qna3snj0snj0sn0KVIZ0qn0KbuAqs5H00ThCqn0KbugmqTAn0uMfqn0KspjYs0Aq15H00mMTqnH00UMfqn0K1XWY0mgPxpywW5gK1QyIlUMn0pywW5R9rffKspZw45fKYmgFMugfqn17xn1DYg1D40ZwdT1Y4rH0snj63rjT1rHfkPjDdnjcL0ZF-TgfqnHmYnHc3n1RsnWRdP0K1pyfquAm1njDsmHfsnj0snAmdmsKWTvYqwRPKnjwKnjIKrD7AnDmkw0K9m1Yk0ZK85HD0TydY5H00Tyd15H00uANYgvPsmHYs0ZGY5H00UyPxuMFEUHYsg1Kxn7tsg100uA78IyF-gLK_my4GuZnqn7tsg1Kxn7ts0ZK9I7qhUA7M5H00uAPGujYs0ANYpyfqQHD0mgPsmvnqn0KdTA-8mvnqn0KkUymqn0KhmLNY5H00pgPWUjYs0A7buhk9u1Yk0Akhm1Ys0AwWmvfq0Zwzmyw-5H00mhwGujY0UvnqnfKBIjY10Aq9IZTqn0KEIjYk0AqzTZfqnBnsc1nen10WnBnvPWDsnWmzPWfWnHmdnj0WnHmdnj08nj0snj0sc1nWnBnsczYWna3snHmknHnWna3LPH0snj00XZPYIHY1nHRLPHTYPsKkgLmqna3YrNtsQW0sg108njKxna3snNtsQW0Yg108rH9xna3kn-ts0AF1gLKzUvwGujYs0ZFEpyu_myTqn6KWIWY0pgPxmLK95H00mL0qn0K-TLfqn0KWThnqPjT4PWc&us=newvui&xst=T1YkPW03nWnLnWRvPHbsnjTzPWDsr7tznWIxnf7L5IUfzUvk1QMsdQaLeeEQ_tTKTHvk1QMsdQ06dnpvGf7d5HnkPHTdP1fL0gfqnHmYnHc3n1Rsn67VTHYs0W0aQf7Wpjdhmdqsms7_IHYs0yP85yF9pywd0HckPWnYnW6zrjf&cegduid=n1DdP1RLPjT&solutionId=11919076&word= <div class="ec_desc"  news
160504 INFO: news
160856 INFO: 1天内 5 绿城中正诚园 8500元/㎡ 迎泽  6 恒大林语郡 10800元/㎡ 迎泽  7 碧桂园云顶 11300元/㎡ 迎泽  8 碧桂园桃源里 9300元/㎡ 迎泽  9 东景庭院 价格待定 迎泽  10 红星紫... news
160856 INFO:     http://www.baidu.com/link?url=VzFH29kKV90XqtNAqUZRNDa1R6EGqCx4UjGwWHeun03vr1jOSkfKyQkoIjyGNow8PB1kd8odqYgHqMMWa41eNq 融恩星光荟丨建面约30-200㎡双地铁金 ty.loupan.com/loupan  news
160856 INFO: news
160856 INFO: 5小时前 临沂市住建委官网信息显示,碧桂园·云顶预售证新鲜出炉。预售证号为临审房预售证第20210721号,物业类型为普通住宅,商铺。 本次取得预售证的碧桂园·云顶容积率2.5%。 ... news
160856 INFO:     http://www.baidu.com/link?url=8kqkkq7C3AVJQOyqCukzeWhynLcc8ROiUr1r9LwYgEDdvBGzRBPdteil1lR0DXgAiguH6nn4lGBpihzuadobNP4A9h5OSwUuVkOdi7oZZtu 拿证速递 | 号外号外! linyi.leju.com/news/  news
160856 INFO: news
160856 INFO: 5小时前 据悉,城发·江山悦预售证新鲜出炉。物业类型为普通住宅。 楼盘情况:该楼盘绿化率35%,车位比1:1.39。 该楼盘位于临沂北城新区长沙路与羽山路交会处,周边设施良好,商业... news
160856 INFO:     http://www.baidu.com/link?url=F_vmLJeIp6yDT4b7cSzj3yO-ZhYiLWCZCfH_uDBh0pdv1-cPruGqFMNmCgamiQjAJ-CHyQUL1QVFW6jlnbXlB1PQt2yF78OplYVxQtuqoqK 拿证速递 | 城发·江山悦于2021年1 linyi.leju.com/news/  news
160856 INFO: news
160856 INFO: 1天内 7 碧桂园云顶 11300元/㎡ 迎泽  8 太行悦泉苑 10500元/㎡ 晋源  9 金地·都会名悦 10800元/㎡ 小店  10 晓园 11500元/㎡ 小店 免责声明:楼盘信息由开发商提供,最终以政... news
160856 INFO:     http://www.baidu.com/link?url=cVXk2QdpnkvxGPhmSPBkeyQ2CZ_MKUd7-YW8gDOeImC4iiCSOuXVpVAeEkun76ML9P7s_NRjams8doGxaEe6vK 聚瑞星城丨不!现房实景胜过 纸上谈兵!- ty.loupan.com/loupan  news
160856 INFO: news
160856 INFO: 21小时前 原标题:元旦假期北京超1600万人次逛商圈,花了近40亿元! 2022年元旦假期,北京国际消费中心城市重点项目带动效应加速释放,商业企业紧扣消费季主题,优化市场供给,冰雪运... news
160856 INFO:     http://www.baidu.com/link?url=F3U3oTRRQxc0m3445FTBih-x17ho4vJzC1SkRY-dGLmYNfq6Av7lv9jQ5dVFYAu7UpszKjExFKzqf21m22SPv6q8Gq-51XKUOO2BlnyTMfC 元旦假期北京超1600万人次逛商圈,花了 新浪网  news
160856 INFO: news
160856 INFO: 4小时前 其中,白云区符合商品房交付备案条件的项目有2个:优品新城、碧桂园·云顶壹品;花溪区有3个:亨特碧桂园·云涧溪山、万科·花溪大都会、碧桂园印象花溪;高新区有高科玫瑰... news
160856 INFO:     http://www.baidu.com/link?url=-M97sXkLLvD930VPO69NCGiGcoUO6gDQ6ClW6njluVzF84i8jYeL0XH2owOMOfwEYoi_oKjY5CIrl0kayXJ8CK 12月贵阳周边区项目交付备案榜 | 4个 搜狐网  news
160856 INFO: news
160856 INFO: 1天内 6 碧桂园云顶 11300元/㎡ 迎泽  7 全景晋阳湖 12000元/㎡ 晋源  8 富力悦禧城 12000元/㎡ 万柏林  9 晓园 11500元/㎡ 小店  10 太原吾悦广场 12000元/㎡ 万柏林 周边楼... news
160856 INFO:     http://www.baidu.com/link?url=WTcpFFbg6hlGcfV60VCV_Y_YtZDh4pV-kLBWX023uivy3aJcfrDYsgC9oyO9Fo7l2HwsX_g7R30zNevHhY3iKa 棠悦丨东中环,南站旁,低密小高层社区-太 ty.loupan.com/loupan  news
160856 INFO: news
160856 INFO: 5小时前 •东营碧桂园天玺目前均价是多少?东营碧桂园天玺房价多少钱一平方? •东营胜大南苑目前均价是多少?胜大南苑房价多少钱一平方? •东营光明康力家园怎么样?光明康力家园什么时候开盘? •东营... news
160856 INFO:     http://www.baidu.com/link?url=H7ssJv7kH-ANmsAcHGQ1iuN3MQNeHsC6RBiCcga6Ho2njz4t2jw61ZeU-UtGSnKf dy.fccs.com/news/650 百度快照  news
160856 INFO: news
160856 INFO: 1天前 碧桂园云顶什么时候开盘? 标签: 房价 售楼处 律师声明:凡注明"来源:非房产超市网"的所有文字图片等资料,系本站转载自其它媒体或网友原创,转载目的在于信息传递,并不代表... news
160856 INFO:     http://www.baidu.com/link?url=ZblwjFAnoqVKJ4Pu6VpZgepyGKWkrSQjcymBVfo_f_j3Sjv_NY3-oj8txwT2aGBfXvn41cKo33c4Tb1_86ApS_ 「西建天茂上郡房价多少?西建天茂上郡售楼 yuncheng.fccs.com/ne  news
160856 INFO: news
160856 INFO: 1天内 7 碧桂园云顶 11300元/㎡ 迎泽  8 碧桂园桃源里 9300元/㎡ 迎泽  9 东景庭院 价格待定 迎泽  10 红星紫御华府 9800元/㎡ 迎泽 免责声明:楼盘信息由开发商提供,最终以政... news
160856 INFO:     http://www.baidu.com/link?url=RUQ0VdYLoNBqpV9XWzLIUe-Oe6O_EaXvYbKUHMKyv4FrlfeaDMBN48BQxnc8wb_bjik9EXsETZtDuS7nirf0iK 颐和天成丨长风街别墅现房,五证齐全安心购 ty.loupan.com/loupan  news
160856 INFO: news
160856 INFO: 1天内 8 碧桂园云顶 11300元/㎡ 迎泽  9 恒大林语郡 10800元/㎡ 迎泽  10 太行悦泉苑 10500元/㎡ 晋源  周边楼盘 查看更多 >>  1 中国中铁·诺德城 10800元/㎡ 迎泽  2 万科时... news
160856 INFO:     http://www.baidu.com/link?url=zvOty9M-OgGCo0N0Q5XzhrRkyu6iAb5qfscODjUhmb7rvQkcMHPKtBif7ugYlnXX2y-xB0864UvWPSX-eB_wlq 中铁诺德城丨实景现房,品质可鉴-太原楼盘 ty.loupan.com/loupan  news
160856 INFO: news
161042 INFO: 3小时前 临沂碧桂园云顶热搜楼盘信息新鲜出炉 1月3日 06:28 商铺 楼盘信息 碧桂园 葑庄 1月3日 20:38 墟沟(上) 1月3日 14:48 连云港 115 证大山水国际多伦多花园 vs兴隆家园在... news
161042 INFO:     http://www.baidu.com/link?url=uqBOk4y9JIXPQ2ksSG3B7LdTLjf6uUZhQZPk2o2fRBU-B-zvDWr2FuQRIyFYrhllFubZnB3pv8yzeOtJLGiUzIC1aDTQWUrXLeBM6GCZqXy 白云 雪山 绿草 碧湖 ,还有何求_新浪 k.sina.com.cn/articl  news
161042 INFO: news
161042 INFO: 1天前 果然视频|元旦不停歇,济南旅游路东延项目施工正全力推进 特别声明:以上文章内容仅代表作者本人观点,不代表新浪网观点或立场。如有关于作品内容、版权或其它问题请于作品... news
161042 INFO:     http://www.baidu.com/link?url=tyDBS00bod2V_tG73l2fuZ2JgNvzXKTN3gK1IF7xd3r5vzRhVCZSV89wf8httwbUdMydOu--cCTxWXNPced_yELtQ5vlshLYJ2JaorQErWa 果然视频|元旦不停歇,济南旅游路东延项目 k.sina.com.cn/articl  news
161042 INFO: news
161042 INFO: 1天前 湛江麻章种植着20多万株粉红色的菠萝,其果粉嫩娇艳,花状如星星,漫步其中,恍若身处粉色花海,让人少女心满溢。 菠萝界的“粉红女郎”,靠颜值走天下 说到菠萝,或许你会想到 焖、炒、煮、蘸盐等... news
161042 INFO:     http://www.baidu.com/link?url=dq-igrDCEiTQkX0gZj02UfJMdBVrDrXkDLCVxHkk0JjoMS968jncfkA492PhuiW0uaD3V5Go0ou4WFafvJ0Ct1YbKzySjmjV75LgspvOd9i k.sina.com.cn/articl 百度快照  news
161042 INFO: news
161042 INFO: 4小时前 天津这家店逛的太爽了 大牌基本白菜价 真的可以拿筐装2022年01月04日 12:00 全球美食视频精选 语音播报 缩小字体 放大字体 微博 微信 分享 0 #自制美食# #美食打卡#天津这家店逛的太爽了大... news
161042 INFO:     http://www.baidu.com/link?url=q8RoLW6cobXB3dgDlweT-tLm98ieB_r-nHMLz5K2SmP8m6Tczm-Dq_VZCkQZ_U30EPu9Kh7jbc6fWPuc2jTi-GPTwlZJHmCg5DCiETOrf-3 cj.sina.com.cn/artic 百度快照  news
161042 INFO: news
161042 INFO: 3小时前 被这小家伙迷上瘾了!2022年01月04日 12:25 萌宠百科 语音播报 缩小字体 放大字体 微博 微信 分享 0 被这小家伙迷上瘾了! #微博视频号打卡计划##撸猫打卡#  0条评论|0人参与网友评论 ... news
161042 INFO:     http://www.baidu.com/link?url=rQRy46zLU2q7H5khH0_fDXvtLOJt9ZUQ2DMJ4HtKlXgpncjU7_CLSSIVP8fXFRXoTwwNBUfo7oOQ0bUFSt7XeQJXUNubQYs9gkxOECYVOJa cj.sina.com.cn/artic 百度快照  news
161042 INFO: news
161042 INFO: 20小时前 在最近,西山居发布了全新的剑侠情缘系列作品——《剑侠世界3》手游,并且已于12月29日在全平台正式上线,引得了游戏圈里众多武侠迷的关注,并且迅速登上了苹果免费榜第一,成为了AppStore官方... news
161042 INFO:     http://www.baidu.com/link?url=1qAXMOxpHhgr01HAFeJNQiPxljeyTUyjqi3PHPQcjHx4oc67efsKBZM_RK3UX3dwN39Cr6SOaGjLBwhEoLqZ0QSH5alL2gPaJscqkMM53AO k.sina.com.cn/articl 百度快照  news
161042 INFO: news
161042 INFO: 6小时前 临沂碧桂园云顶热搜楼盘信息新鲜出炉 1月3日 06:28 商铺 楼盘信息 碧桂园 惊现白顶溪鸲!福建永安天宝岩保护区发现当地新记录鸟种 1月3日 14:51 旅游景点 天宝岩 永安 ... news
161042 INFO:     http://www.baidu.com/link?url=-hLB0v5ji-fIUHHbP5_fPOiaPE1hz-2qm4b6W8tvzo-gurBhpTp_7D6M-zBbNsQiaZZvaDnKiheWJxzeM3NaEgVwO7Q7P7XLaSoiFUKbXFW 碧波仙子:知府想对县令不利,还好来了一道 k.sina.com.cn/articl  news
161042 INFO: news
161042 INFO: 1天前 源头活水来 蒙自又有一个重大好消息! 2021年12月31日,蒙自五里冲水库东西干渠节水改造工程试通水成功,本次试通水是对工程正式通水前一次较为全面的检验,获取相关数据和参数,确保正常运行,为... news
161042 INFO:     http://www.baidu.com/link?url=zMJbgdoDMEF9uJveJ4Ni-83jSnxwhxb2X66KvQJPiEn5j_F92w1eS_QbXZ5vitkG3Gx80R47Jb74ssFia546bDNP2kVgwHYTTx5Wz7t5oWe k.sina.com.cn/articl 百度快照  news
161042 INFO: news
161042 INFO: 18小时前 一元复始,万象更新。2022年元旦,华侨城文化集团全新打造的新一代文旅项目——二十四史书院在龙岗区吉华街道甘坑古镇北区落成并开放试营业,开启打造“中国主题书院第一品牌”新征程。 立足... news
161042 INFO:     http://www.baidu.com/link?url=BX3r-NLZ-xf9jMNgtOg3dBy0b08mDaIyvEw9kfH_K7mdygGuRIeugKSvutBj0MngwBJuwxLkOfGhvSE6BpoZp0AzcVOPK9fT0-vW7VIkoc_ k.sina.com.cn/articl 百度快照  news
161042 INFO: news
161042 INFO: 20小时前 临沂碧桂园云顶热搜楼盘信息新鲜出炉 1月3日 06:28 商铺 楼盘信息 碧桂园 币圈最能忽悠的那个人,要上天了! 1月2日 12:00 巴菲特 虚拟币 15 超强买房攻略!想知道济南... news
161042 INFO:     http://www.baidu.com/link?url=61i-tFODlOLWEIUAs4LvRpS_nQf4KoTFpjX4coJ7aK8sIDzJDecVe5pe0nHmd4iw4p_xXVkWZyvIz5YevV-iXP4vtG5j3bXDy4OWKsr6_R7 那么问题来了,要多快,才能水上漂呢?_新 k.sina.com.cn/articl  news
161042 INFO: news
161042 INFO: 21小时前 02 31省区市昨日新增本土病例101例:陕西92例 浙江9例  03 去年被拿下的25个"老虎":3人超70岁 有一个"女老虎"  04 西安雁塔区党政一把手双双被免,上任仅一年  05 欧洲... news
161042 INFO:     http://www.baidu.com/link?url=V8qtcH670DQy0n-1YwYbu4KaPk7cDSkDw_2ELvW1BZxih2ekyztIR6_lZEFCaqVccTt-rhQQ5L8_ji3CgjUHbnU_QJsrE9wWeWo8RyCevWW 壹览市中|打造“一园十二坊”,济南中央商 k.sina.com.cn/articl  news
161042 INFO: news
161156 INFO: 1天前 #长月烬明罗云熙人群路透# 就算是人潮拥挤,罗云熙也是最亮眼的那一个,生图太能打了罗云熙[憧憬] 特别声明:以上文章内容仅代表作者本人观点,不代表新浪网观点或立场。如... news
161156 INFO:     http://www.baidu.com/link?url=cvZHLhuRFLSS0i0pS-gUMl49nLcf-jdY3ZrKFEwilBRhFcrlxCTFSOfJXXh_KYaTKYwFExMK7ePcx3SX8P3HQPRjtpiZMaWpsLMpLbUBWUi 就算是人潮拥挤,罗云熙也是最亮眼的那一个 k.sina.com.cn/articl  news
161156 INFO: news
161156 INFO: 21小时前 作为2022年开年大戏,第一场大规模流星雨——象限仪座流星雨将于1月4日迎来极大,预计极大时ZHR(在理想观测条件下,辐射点位于头顶正上方时,每小时能看到的流星数量)可... news
161156 INFO:     http://www.baidu.com/link?url=0QZoL1YWA9INRE93G3ZY-V7AQMT9wF8i_llXRCxe7Ua9vvenEyyHQsVQjOA9RRRPg8KB8pgrfUXLlyBPDt2YfVh59z7G3Hmcz7U9VKiBAw7 就在明天!千万不要错过!|流星雨|流星_ k.sina.com.cn/articl  news
161156 INFO: news
161156 INFO: 1天前 临沂碧桂园云顶热搜楼盘信息新鲜出炉 今天 06:28 商铺 楼盘信息 碧桂园 九江影像志:历史上的今天· 1月1日·重建洋街 1月1日 15:02 九江 「楼盘评测」中建·春景雅苑,2022年1月昆山开发区必... news
161156 INFO:     http://www.baidu.com/link?url=4zNzd9CmmihFMabqdao9_QLWlzQBGA8ykQAm-9mUshrXBo7bTjJnqHm1UwLO6ajrHxLfqqtcQZQ1wiYXDETvnKMw4MJPUAM7_uY5Va2SPyS k.sina.com.cn/articl 百度快照  news
161156 INFO: news
161156 INFO: 1天前 来源:三明市融媒体中心 横坑温泉度假村位于岩前镇横坑村,这里的温泉水温48°,富含氡、碘、铀、偏硅酸等对人体有益的元素,水质透明,属于标准的医疗保健矿泉水。除了泡温泉,你还可以体验茶楼、... news
161156 INFO:     http://www.baidu.com/link?url=1GXCkWmgPHjiI5vGFblE8DOTm8TZDjlD7n5JrPXj2zwf57DH5XHJQ4OIBv9l047Yqb4iWOWCZUSrWRHpw8JRisv3ZY_Lq2eJaYyRiAqezbm k.sina.com.cn/articl 百度快照  news
161156 INFO: news
161156 INFO: 21小时前 网络游戏和单机游戏最本质的区别,就是玩家之间的交互性。虽然看似只是多了一个联网,但让网络游戏和单机游戏的设计思路完全不同。有许多单机游戏在网络化的过程中,都遭遇了不同程度的滑铁... news
161156 INFO:     http://www.baidu.com/link?url=AGVnCzN_LnSr6AsibiFG3Y6B8oZmtn99lHXvEVA4KW9KnhFmqgMkepq8l4OzrGGuF4Gwh2PcfKzGiXcnC0g5tMpd-D2QlK70ZeyfQ8z9Zf7 k.sina.com.cn/articl 百度快照  news
161156 INFO: news
161156 INFO: 1天前 临沂碧桂园云顶热搜楼盘信息新鲜出炉 今天 06:28 商铺 楼盘信息 碧桂园 四川一法拉利冲入路边房屋,卷帘门受损屋内一片狼藉 1月2日 12:56 趣闻 受损 214 "砰"的一声!19楼... news
161156 INFO:     http://www.baidu.com/link?url=jujenrXVPoO--FVsuCp7YJA5GS6fk56OqDCGNdUrnyeyogz29UA3Hfif2oZdG0z3ZivazLBsnyvl42Mem0yZ1Ih8VgGi14-_CrkOFd0jJaS 幻城第二十八集2:闍印陪三千年前心爱人看 k.sina.com.cn/articl  news
161156 INFO: news
161156 INFO: 1天前 临沂碧桂园云顶热搜楼盘信息新鲜出炉 今天 06:28 商铺 楼盘信息 碧桂园 【津云独家】彩排视频流出?天津跨年城市灯光秀,不看后悔一年! 1月2日 08:00 旅行游记 闲逛白湖亭万达 今天 07:10 白湖... news
161156 INFO:     http://www.baidu.com/link?url=FyREUFbOLJaPMQuHQbRarcy5zugZIzf8gezWgEnAQQuheClr-qXQO5hoOlGdZiK7ik44uH4W05QWLY2_Tk7bwWbA343iBH-PbsTxDvPwHUe k.sina.com.cn/articl 百度快照  news
161156 INFO: news
161156 INFO: 3小时前 临沂碧桂园云顶热搜楼盘信息新鲜出炉 1月3日 06:28 商铺 楼盘信息 碧桂园 186彩带河-2021蒙东北之旅(14) 今天 06:46 满洲里 草原 3 委员访谈|张雄文:加快市图书馆新馆... news
161156 INFO:     http://www.baidu.com/link?url=YaUFn_SRslv4Kt7Xu_dnpn4OpzHysJeGWft6mDx74DjXKyKy7ay3CkFC5egYtyKzDrGEfPwV8B8c9dqHIl3bs35nOs4C4y3k2TeSmVTKaVG 说说如皋的新安会馆,位于水绘园景区,知道 k.sina.com.cn/articl  news
161156 INFO: news
161156 INFO: 19小时前 肌肤好了,你的运气会改变,这可是真的,不管是你的爱情还是事业都会改变,因为女人真的要漂亮会更幸运。今天我们就给大家介绍5款超级好用的美白补水护肤品,让你的肌肤水嫩亮白好看,走到哪里... news
161156 INFO:     http://www.baidu.com/link?url=pRWzbtJlUiVzYhdHQ-3p5YxW0PqJjpYF_4SOKnPCOyGXyxIoka84tG41hxfx10WNc4z42IdMk3INCLV-iDSSJB0brKB5eYAWRWJU9Tl9gRC k.sina.com.cn/articl 百度快照  news
161156 INFO: news
161156 INFO: 20小时前 这盘小吃拼盘是店里的明星招牌之一,迷你小汉堡、芥末薯条、花房秘制鸡翅...一盘满足你的所有欲望~ 别看它mini它可是很饱肚子的~一口下去鸡汁四溅,搭配上清爽的沙拉~... news
161156 INFO:     http://www.baidu.com/link?url=lbA7wmnvMlH7Zb_SlxEXij4xTK5RMJkAAsoBgTikQirGw0OoeAD8vBSk16KqMGArTQkSdyK3uxPZj2uOGTlrwAxFGyjcgngr6oX9vugygXO 福利| 3.3折,私藏 “法式花园” 西 k.sina.com.cn/articl  news
161156 INFO: news
161156 INFO: 1天前 临沂碧桂园云顶热搜楼盘信息新鲜出炉 1月3日 06:28 商铺 楼盘信息 碧桂园 上海徐汇-漕溪公园 1月2日 18:03 锦园 vs金地逸景在廊坊谁更胜一筹? 1月2日 18:06 商铺 廊坊 1... news
161156 INFO:     http://www.baidu.com/link?url=ajCDKGPbujyoXzHwFNltcRBRll5DZnHWITQ_XcTkfO3n2EMxIz9RhGv_Si8D941WPW7Z6-di6OHAsQKAt0LJuMlB3eVHMyElV692IX2g6KW 616环湖之旅前篇|_新浪新闻 k.sina.com.cn/articl  news
161156 INFO: news
161156 INFO: 1天前 #人群中的罗云熙#好惊艳!一眼万年说的就是罗云熙吧[awsl] news
161156 INFO:     http://www.baidu.com/link?url=ALNFh2aZXK66MJeI0ihC_zIvo3QZL-2g7I4AqR_lpsrd_x2By0SCLjxlGntwP1Eili58ojUxCdbqs1HpQzYAvHPvSZK8tcX7zTzIUat61VS 好惊艳!一眼万年说的就是罗云熙吧|罗云熙 k.sina.com.cn/articl  news
161156 INFO: news
161156 INFO: 10小时前 临沂碧桂园云顶热搜楼盘信息新鲜出炉 1月3日 06:28 商铺 楼盘信息 碧桂园 闲逛白湖亭万达 1月3日 07:10 白湖亭 8 浙江金华一水果摊位进口火龙果外包装核酸阳性 1月2日 08:00 浙江 超强买... news
161156 INFO:     http://www.baidu.com/link?url=YgfIxIgnsfWkdg62PpCNugCicNYDKbafi6vQIBBn8NwT9-JJOFJIpkEUwHsXEqvujAl92FEBxcza_tmBI2cTZ7b6DgpGYMChByHisPV12PS k.sina.com.cn/articl 百度快照  news
161156 INFO: news
161325 INFO: 23小时前 如有关于作品内容、版权或其它问题请于作品发表后的30日内与新浪网联系。 ...03 去年被拿下的25个"老虎":3人超70岁 有一个"女老虎"  04 西安雁塔 news
161325 INFO:     http://www.baidu.com/link?url=H_XgZae79oOrCeTMZrxv3Vghlz7H9-3b60Bd_fakJMpYtrZSBJbOMg2TCkZzW0GPanQ3RbUYrQX4rlhH09WUrHOhQjCQb2QFIO25oGPFK1m 夏天就要有夏天的样子_新浪新闻 k.sina.com.cn/articl  news
161325 INFO: news
162013 INFO: 10小时前 18块的网红大仙贝和5块的虾条你怎么选2022年01月04日 06:00 炒饭的勺儿 语音播报 缩小字体 放大字体 微博 微信 分享 0 #家常菜##美食##美食真香现场#18块的网红大仙贝和5块的虾条你怎么选... news
162013 INFO:     http://www.baidu.com/link?url=FyZwIMEZfPe_B_oxXVj4JnIWft6B30-3-Q-qC2HbkoCNaV6L6_0F2gebdqjjStOadiqX890oQOQn4CcuQctnzF0ZT-K9ygdfkpZ4FTIkrE7 cj.sina.com.cn/artic 百度快照  news
162013 INFO: news
162013 INFO: 22小时前 特别声明:以上文章内容仅代表作者本人观点,不代表新浪网观点或立场。如有关于作品内容、版权或其它问题请于作品发表后的30日内与新浪网联系。 权利保护声明页/Notice... news
162013 INFO:     http://www.baidu.com/link?url=xHOeUMhOAPyD2n3hqxCq681NTp7ALv4zKjtHf96ju-_xqkV4K7i-AsKtjAnHQD_th0leh70SmV7dmSvBVo_-WIJKU-KfYUQctaf27tsuGly 《琅琊榜》静妃一招瞒天过海,美女还真的上 k.sina.com.cn/articl  news
162013 INFO: news
162013 INFO: 1天前 临沂碧桂园云顶热搜楼盘信息新鲜出炉 1月3日 06:28 商铺 楼盘信息 碧桂园 2022新年烟花秀在滴水湖畔绚丽绽放,烟花璀璨不眠夜 1月3日 02:00 旅行游记 临港 72 【津云镜头】看钱币,览繁花,赏仕... news
162013 INFO:     http://www.baidu.com/link?url=Xzien-6wnPBXVq5ZRuwd8RNiKOkc3YU0DXDSukQ7h04DjTY3tbqJZuBL7NdvtjM15O_Cht9q5ma3NpwSNYfi3oe_iN5Yvqpd9jPo9M34n3u k.sina.com.cn/articl 百度快照  news
162013 INFO: news
162013 INFO: 10小时前 临沂碧桂园云顶热搜楼盘信息新鲜出炉 1月3日 06:28 商铺 楼盘信息 碧桂园 女子上班期间忍不住跳舞,领导发现后将监控视频发群里,结局亮了 1月2日 18:50 生活小技巧 27... news
162013 INFO:     http://www.baidu.com/link?url=MtKKw8-hW9KQYtPwfTClkHCVLr4O2nd5lizBTs7HOA8EWZPT4CI0LPdi1jh3s0wvEnfgFpXTF9j_3dzyFJCeR7uclBVPeFh7Ii3ZuzQvOYq 夜华和白浅用铜镜聊天,白浅表示想要个孩子 k.sina.com.cn/articl  news
162013 INFO: news
162013 INFO: 1天前 临沂碧桂园云顶热搜楼盘信息新鲜出炉 今天 06:28 商铺 楼盘信息 碧桂园 苏*徐州(12)徐州回龙窝文化街区 1月2日 02:08 博物馆 陵水首个安居型商品住房项目首批两栋住宅楼... news
162013 INFO:     http://www.baidu.com/link?url=-kSiJUcr2dYryAFQvobdBhfJhO3uhhXjoNHpmqWbHYmIDf-baV2PstGkehp6lnJAEu56-SANhhDPoAWMsK7N2RFX03QImOIGkdAMgU_GwZm 幻城第四十六集3:蝶澈竟是蛇竭美人,竟拿 k.sina.com.cn/articl  news
162013 INFO: news
162013 INFO: 23小时前 艳红花和硕果累累的仙人掌 #一月你好# #神奇的植物# @绿洲  特别声明:以上文章内容仅代表作者本人观点,不代表新浪网观点或立场。如有关于作品内容、版权或其它问题请于作品发表后的30日内... news
162013 INFO:     http://www.baidu.com/link?url=EvCz3agsUKc9vqiH5kY0uiTSxKIeVP3Ryob15AydZOQHxmZ9f_ixMrdvs9EttXibpInUykWfSS34BvmN_NbJS5FTQ5L2qsyLJ92hFo9CBMC k.sina.com.cn/articl 百度快照  news
162013 INFO: news
162013 INFO: 1天前 顺着乡间彩虹路来到位于南龙镇的碧水苑冰雪游乐场,无动力戏雪区里好不热闹,雪地冰雪滑道刺激又解压,尖叫声伴着雪圈摩擦雪面声此起彼伏,赛道雪地摩托也成了大家的必玩打卡项目,如果你玩累了,... news
162013 INFO:     http://www.baidu.com/link?url=Ln9uuGtuptW4k-svWzmNIoRrSX7w5kBGSx6j4EQV0LEURrlTRvyphXe0JINsbDJJ9lgqazhb6oW-_yt4yf7ddMm8OlF5KTYSro2FvEn7nuq k.sina.com.cn/articl 百度快照  news
162013 INFO: news
162013 INFO: 19小时前 随着《叶罗丽第九季》开播的时间越来越近,这原本不怎么活跃的叶罗丽官方也开始活跃的起来,这不,这才刚刚进入倒计时的第3天,叶罗丽官方就已经迫不及待的发布了《叶罗丽第九季》的一些片段... news
162013 INFO:     http://www.baidu.com/link?url=WmfS3zCcnt09XDF6Kpwnq07TUjEjI64xsUrMJDj_R2H6xqt3pHP8FAmYRiS3BVG4WpeuP_Gp6qEilePUAxJ1-e8RJToXbsavHHhzDeYBJdC k.sina.com.cn/articl 百度快照  news
162013 INFO: news
162013 INFO: 19小时前 上证报中国证券网讯 新年首日,消费市场升温,零售龙头企业步步高两大商业体同时开业,拉开了长沙、湘潭两地2022年促消费活动的序幕。 位于长沙红星商圈的时尚地标步步... news
162013 INFO:     http://www.baidu.com/link?url=29xDG7E0fUvEHy6sVgwBw_gIHA0Za4ks-P-nRGVJ6WGUo_u08Y44kJwUmfQK9Tjl11L1ZZqgKgcnAiik9qw4QJH7xORKGVaTehRLbGCzCNa 步步高两店同开拉开新年促消费活动帷幕|湘 k.sina.com.cn/articl  news
162013 INFO: news
162013 INFO: 13小时前 临沂碧桂园云顶热搜楼盘信息新鲜出炉 1月3日 06:28 商铺 楼盘信息 碧桂园 温情帮助暖人心西咸新区采取有力措施服务群众 1月2日 21:15 西咸新区 新城 《光·遇》手游宣布1月6日合服 ios平... news
162013 INFO:     http://www.baidu.com/link?url=9qRP89QbzM5s07mE2LiISRqA12WbshQo0YkP2xDVM2SaxhsKROeUYQnUSESilgaS7iGyS06ycGU8nu88o1sB3qHN4Is712EdCxY_R_njdue k.sina.com.cn/articl 百度快照  news
162013 INFO: news
162613 INFO: 1天前 临沂碧桂园云顶热搜楼盘信息新鲜出炉 1月3日 06:28 商铺 楼盘信息 碧桂园 南充:碧桂园三期天樾违建严重,负责人被约谈… 1月3日 16:38 社区治理 碧桂园 南充 盘点龙光玖... news
162613 INFO:     http://www.baidu.com/link?url=CBHoDYwKToKBkMYRmAIu3LqcnoE1cUMIu3fNB-v2yHEGeFFi7t67qFF__wXK_ZCTxu13_6DYjPSBuewFgrb4SHFJHGMvffOr1YPaEIojupe 晴天和项北有情人终成眷属,万嘉乐一旁不甘 k.sina.com.cn/articl  news
162613 INFO: news
162613 INFO: 1天前 特别声明:以上文章内容仅代表作者本人观点,不代表新浪网观点或立场。如有关于作品内容、版权或其它问题请于作品发表后的30日内与新浪网联系。 关键字 : 影视电影电视剧 ... news
162613 INFO:     http://www.baidu.com/link?url=zlEf_bSCohf-7a8rQi8YVvHftnQ8cg-qQL54ijIeZBY4o9OlFf95AfDkRxtTcij_PP3qYVBg8nvoo6BRJrsP3PCQZhEocOiGh5qrYiJ_DnK 白浅不想见夜华,夜华一人在门外淋雨苦等| k.sina.com.cn/articl  news
162613 INFO: news
162613 INFO: 10小时前 紫色与绿色凉粉的搭配,既有食欲又好看2022年01月04日 06:02 食步之内 语音播报 缩小字体 放大字体 微博 微信 分享 0 紫色与绿色凉粉的搭配,既有食欲又好看#冬日正当食##花式厨艺挑战#  0... news
162613 INFO:     http://www.baidu.com/link?url=Vw_d9hWlKqHVdUqs30N0b6eNsBAefSEYXbykdFeh_b0oUap5OaIbgS5Uxc7bXRamGckmRjkmXs_lI_Q6Z1GMtVVIHUmi0S2L2KuK-PMNqc7 cj.sina.com.cn/artic 百度快照  news
162613 INFO: news
162613 INFO: 1天前 为有效缓解交通拥堵,降低能源消耗,改善空气环境质量,依据《中华人民共和国道路交通安全法》有关规定、京津冀一体化限行政策、机动车尾号每隔13周重新轮换措施,经区政府... news
162613 INFO:     http://www.baidu.com/link?url=_tDwBWM6OL_nHsvGQ8sCIcdSyGLIQHmVhpZ2T9-yE_BrbAN235_pTyZAXQT2634bt8W_DeIM3rld_PEdA-V0fQO7Nw93FhyHn10Bxq4FgpO 紧急通知!徐水明天限行有变|徐水|尾号限 k.sina.com.cn/articl  news
162613 INFO: news
162613 INFO: 1天前 视频加载失败,请查看其他精彩视频 特别声明:以上文章内容仅代表作者本人观点,不代表新浪网观点或立场.如有关于作品内容,版权或其它问题请于作品发表后的30日内与新浪网... news
162613 INFO:     http://www.baidu.com/link?url=WmJAo7_PNCyA_SoucrR76YVO_DAIUegVajutoJayn1AZ9ivp5Ex4HPHKl9VKKfuXCenMD4vNg7RoXDCS-nA9WLwpOOcOv6lGOywMq7RH2sO 用颜色区分,火花塞的好坏,一定要了解一下 k.sina.com.cn/articl  news
162613 INFO: news
162613 INFO: news end | 碧桂园 云顶
162737 INFO: ---- news end ----
